<?xml version="1.0" encoding="UTF-8"?>
<testsuite xmlns:xsi="http://www.w3.org/2001/XMLSchema-instance" xsi:noNamespaceSchemaLocation="https://maven.apache.org/surefire/maven-surefire-plugin/xsd/surefire-test-report-3.0.xsd" version="3.0" name="TestSuite" time="30.751" tests="18" errors="0" skipped="0" failures="0">
  <properties>
[...]
</properties>
  <testcase name="getUsers" classname="com.qa.api.tests.GetUserTest" time="2.444">
    <system-out><![CDATA[...
... TestNG 7.0.0 by CÃ©dric Beust (cedric@beust.com)
...

Test Suite started!
getUsers started!
HTTP/1.1 200 OK
Date: Wed, 06 Nov 2024 13:29:07 GMT
Content-Type: application/json; charset=utf-8
Transfer-Encoding: chunked
Connection: keep-alive
Cache-Control: max-age=0, private, must-revalidate
etag: W/"3e9ded0ed31950f2621424d062b4edbc"
referrer-policy: strict-origin-when-cross-origin
vary: Origin
x-content-type-options: nosniff
x-download-options: noopen
x-frame-options: SAMEORIGIN
x-links-current: https://gorest.co.in/public/v2/users?page=1
x-links-next: https://gorest.co.in/public/v2/users?page=2
x-links-previous: 
x-pagination-limit: 10
x-pagination-page: 1
x-pagination-pages: 1
x-pagination-total: 4
x-permitted-cross-domain-policies: none
x-ratelimit-limit: 90
x-ratelimit-remaining: 70
x-ratelimit-reset: 1
x-request-id: 687e8b12-c1de-4795-bbdf-98184efdd6cd
x-runtime: 0.115375
x-xss-protection: 0
cf-cache-status: DYNAMIC
Report-To: {"endpoints":[{"url":"https:\/\/a.nel.cloudflare.com\/report\/v4?s=QG85udL88VlrLBfvBataE9vCmvvFhXdXD92iJUpXXlIRua3LNy3WdXw5EpGojhoL42yd%2FpmQQ8kjIwOoiDWsUeXRtex5o9ceUPOPL8gPutgooWR3bYusvWC0ooOoegg%3D"}],"group":"cf-nel","max_age":604800}
NEL: {"success_fraction":0,"report_to":"cf-nel","max_age":604800}
Server: cloudflare
CF-RAY: 8de56e3c4bee2dff-BOM
Content-Encoding: gzip
alt-svc: h3=":443"; ma=86400
server-timing: cfL4;desc="?proto=TCP&rtt=36319&sent=6&recv=7&lost=0&retrans=0&sent_bytes=2886&recv_bytes=993&delivery_rate=79694&cwnd=226&unsent_bytes=0&cid=9dc138fa24e5d329&ts=409&x=0"

[
    {
        "id": 7506198,
        "name": "Naveen",
        "email": "apiautomation1730833146804@open.com",
        "gender": "male",
        "status": "active"
    },
    {
        "id": 7506195,
        "name": "Naveen",
        "email": "apiautomation1730833145376@open.com",
        "gender": "male",
        "status": "active"
    },
    {
        "id": 7505993,
        "name": "Naveen",
        "email": "apiautomation1730821470735@open.com",
        "gender": "male",
        "status": "active"
    },
    {
        "id": 7505990,
        "name": "Naveen",
        "email": "apiautomation1730821466863@open.com",
        "gender": "male",
        "status": "active"
    }
]
[
    {
        "id": 7506198,
        "name": "Naveen",
        "email": "apiautomation1730833146804@open.com",
        "gender": "male",
        "status": "active"
    },
    {
        "id": 7506195,
        "name": "Naveen",
        "email": "apiautomation1730833145376@open.com",
        "gender": "male",
        "status": "active"
    },
    {
        "id": 7505993,
        "name": "Naveen",
        "email": "apiautomation1730821470735@open.com",
        "gender": "male",
        "status": "active"
    },
    {
        "id": 7505990,
        "name": "Naveen",
        "email": "apiautomation1730821466863@open.com",
        "gender": "male",
        "status": "active"
    }
]
getUsers passed!
]]></system-out>
    <system-err><![CDATA[SLF4J(W): No SLF4J providers were found.
SLF4J(W): Defaulting to no-operation (NOP) logger implementation
SLF4J(W): See https://www.slf4j.org/codes.html#noProviders for further details.
]]></system-err>
  </testcase>
  <testcase name="updateUserTestWithBuilder[Naveen, male, active, inactive, NaveenAutomation](1)" classname="com.qa.api.tests.UpdateUserTest" time="3.523">
    <system-out><![CDATA[Test Suite is ending!
Test Suite started!
updateUserTestWithBuilder started!
{
    "id": 7507705,
    "name": "Naveen",
    "email": "apiautomation1730899748114@open.com",
    "gender": "male",
    "status": "active"
}
userId: 7507705
HTTP/1.1 200 OK
Date: Wed, 06 Nov 2024 13:29:10 GMT
Content-Type: application/json; charset=utf-8
Transfer-Encoding: chunked
Connection: keep-alive
Cache-Control: max-age=0, private, must-revalidate
etag: W/"a206d7798d54f7bc17dbee949347f0fd"
referrer-policy: strict-origin-when-cross-origin
vary: Origin
x-content-type-options: nosniff
x-download-options: noopen
x-frame-options: SAMEORIGIN
x-permitted-cross-domain-policies: none
x-ratelimit-limit: 90
x-ratelimit-remaining: 89
x-ratelimit-reset: 1
x-request-id: e51b42d9-464d-40c0-b7e1-5ca77030b782
x-runtime: 0.062588
x-xss-protection: 0
cf-cache-status: DYNAMIC
Report-To: {"endpoints":[{"url":"https:\/\/a.nel.cloudflare.com\/report\/v4?s=OXByJ1BzozcKVFXLXesdIGWX0hNiQhbZeYwXa0DNmcu%2Bmgg2bvdPMn2sQIy7YtzlOHmoZzWOMXpH22j%2BsaLWwxNoTOdCeR%2FQUqzGoGTH8suZVHhJtjNk4DUt2K7yzko%3D"}],"group":"cf-nel","max_age":604800}
NEL: {"success_fraction":0,"report_to":"cf-nel","max_age":604800}
Server: cloudflare
CF-RAY: 8de56e52bb583c22-BOM
Content-Encoding: gzip
alt-svc: h3=":443"; ma=86400
server-timing: cfL4;desc="?proto=TCP&rtt=37718&sent=4&recv=6&lost=0&retrans=0&sent_bytes=2886&recv_bytes=975&delivery_rate=70209&cwnd=243&unsent_bytes=0&cid=3d703e8f0e430918&ts=223&x=0"

{
    "id": 7507705,
    "name": "Naveen",
    "email": "apiautomation1730899748114@open.com",
    "gender": "male",
    "status": "active"
}
{
    "id": 7507705,
    "name": "Naveen",
    "email": "apiautomation1730899748114@open.com",
    "gender": "male",
    "status": "active"
}
{
    "email": "apiautomation1730899748114@open.com",
    "name": "NaveenAutomation",
    "gender": "male",
    "status": "inactive",
    "id": 7507705
}
updateUserTestWithBuilder passed!
]]></system-out>
  </testcase>
  <testcase name="updateUserTestWithBuilder[Mukesh, male, active, inactive, MukeshAutomation](2)" classname="com.qa.api.tests.UpdateUserTest" time="1.798">
    <system-out><![CDATA[updateUserTestWithBuilder started!
{
    "id": 7507708,
    "name": "Mukesh",
    "email": "apiautomation1730899751628@open.com",
    "gender": "male",
    "status": "active"
}
userId: 7507708
HTTP/1.1 200 OK
Date: Wed, 06 Nov 2024 13:29:13 GMT
Content-Type: application/json; charset=utf-8
Transfer-Encoding: chunked
Connection: keep-alive
Cache-Control: max-age=0, private, must-revalidate
etag: W/"a53aa8a6538dde3902a95728fe3c491d"
referrer-policy: strict-origin-when-cross-origin
vary: Origin
x-content-type-options: nosniff
x-download-options: noopen
x-frame-options: SAMEORIGIN
x-permitted-cross-domain-policies: none
x-ratelimit-limit: 90
x-ratelimit-remaining: 88
x-ratelimit-reset: 2
x-request-id: e5738faf-999d-45e6-a7ba-755c46a70133
x-runtime: 0.137046
x-xss-protection: 0
cf-cache-status: DYNAMIC
Report-To: {"endpoints":[{"url":"https:\/\/a.nel.cloudflare.com\/report\/v4?s=LJFpHw5oZKqEAEZst7ZBR2KNGZFxT4sd1SaMDD%2BFZ9dkS%2FDEMqvYoDswTXSWk53HjCJhOu%2Fq6ZuQqMTlNV7dsux1ltxEsX%2F%2B4q%2FdDpP67J%2FjRXTZk5IAeQFcpk%2Bf%2Bnk%3D"}],"group":"cf-nel","max_age":604800}
NEL: {"success_fraction":0,"report_to":"cf-nel","max_age":604800}
Server: cloudflare
CF-RAY: 8de56e5d1ac26ed0-BOM
Content-Encoding: gzip
alt-svc: h3=":443"; ma=86400
server-timing: cfL4;desc="?proto=TCP&rtt=38090&sent=4&recv=6&lost=0&retrans=0&sent_bytes=2884&recv_bytes=975&delivery_rate=77831&cwnd=203&unsent_bytes=0&cid=eaf750b5512e03f2&ts=610&x=0"

{
    "id": 7507708,
    "name": "Mukesh",
    "email": "apiautomation1730899751628@open.com",
    "gender": "male",
    "status": "active"
}
{
    "id": 7507708,
    "name": "Mukesh",
    "email": "apiautomation1730899751628@open.com",
    "gender": "male",
    "status": "active"
}
{
    "email": "apiautomation1730899751628@open.com",
    "name": "MukeshAutomation",
    "gender": "male",
    "status": "inactive",
    "id": 7507708
}
updateUserTestWithBuilder passed!
]]></system-out>
  </testcase>
  <testcase name="updateUserTestWithBuilder[Sanjay, male, Inactive, active, Sanjayautomation](3)" classname="com.qa.api.tests.UpdateUserTest" time="1.274">
    <system-out><![CDATA[updateUserTestWithBuilder started!
{
    "id": 7507709,
    "name": "Sanjay",
    "email": "apiautomation1730899753451@open.com",
    "gender": "male",
    "status": "inactive"
}
userId: 7507709
HTTP/1.1 200 OK
Date: Wed, 06 Nov 2024 13:29:14 GMT
Content-Type: application/json; charset=utf-8
Transfer-Encoding: chunked
Connection: keep-alive
Cache-Control: max-age=0, private, must-revalidate
etag: W/"7d040a26fec09b4f2765c8a6ca8fa44e"
referrer-policy: strict-origin-when-cross-origin
vary: Origin
x-content-type-options: nosniff
x-download-options: noopen
x-frame-options: SAMEORIGIN
x-permitted-cross-domain-policies: none
x-ratelimit-limit: 90
x-ratelimit-remaining: 86
x-ratelimit-reset: 4
x-request-id: d586eec7-27cf-4f72-88ea-f5797024b066
x-runtime: 0.089219
x-xss-protection: 0
cf-cache-status: DYNAMIC
Report-To: {"endpoints":[{"url":"https:\/\/a.nel.cloudflare.com\/report\/v4?s=CyT4FrtTzyJ7jXPQuUUeLZDRYRqP4Tu5%2FwOccR9N%2FMFCEoPQ4K1rFiHzL0hkO38dhJ1YBqZbCAlIhZLSjuvSj%2F%2FAQbYqUvDiwuV6H9ogbAkHnmTP%2Bx0sqrWMA80P%2BDs%3D"}],"group":"cf-nel","max_age":604800}
NEL: {"success_fraction":0,"report_to":"cf-nel","max_age":604800}
Server: cloudflare
CF-RAY: 8de56e67b858423c-BOM
Content-Encoding: gzip
alt-svc: h3=":443"; ma=86400
server-timing: cfL4;desc="?proto=TCP&rtt=38085&sent=4&recv=6&lost=0&retrans=0&sent_bytes=2884&recv_bytes=975&delivery_rate=78321&cwnd=249&unsent_bytes=0&cid=25a8194b73e55455&ts=182&x=0"

{
    "id": 7507709,
    "name": "Sanjay",
    "email": "apiautomation1730899753451@open.com",
    "gender": "male",
    "status": "inactive"
}
{
    "id": 7507709,
    "name": "Sanjay",
    "email": "apiautomation1730899753451@open.com",
    "gender": "male",
    "status": "inactive"
}
{
    "email": "apiautomation1730899753451@open.com",
    "name": "Sanjayautomation",
    "gender": "male",
    "status": "active",
    "id": 7507709
}
updateUserTestWithBuilder passed!
]]></system-out>
  </testcase>
  <testcase name="patchUserTestWithBuilder" classname="com.qa.api.tests.PatchUserTest" time="0.971">
    <system-out><![CDATA[Test Suite is ending!
Test Suite started!
patchUserTestWithBuilder started!
{
    "id": 7507711,
    "name": "APiName",
    "email": "apiautomation1730899754949@open.com",
    "gender": "female",
    "status": "active"
}
userId: 7507711
HTTP/1.1 200 OK
Date: Wed, 06 Nov 2024 13:29:15 GMT
Content-Type: application/json; charset=utf-8
Transfer-Encoding: chunked
Connection: keep-alive
Cache-Control: max-age=0, private, must-revalidate
etag: W/"6aff8a07be7bd2b531fe9db02f9c83dd"
referrer-policy: strict-origin-when-cross-origin
vary: Origin
x-content-type-options: nosniff
x-download-options: noopen
x-frame-options: SAMEORIGIN
x-permitted-cross-domain-policies: none
x-ratelimit-limit: 90
x-ratelimit-remaining: 84
x-ratelimit-reset: 5
x-request-id: 46429492-7f32-443c-aba0-663ec838c89d
x-runtime: 0.127742
x-xss-protection: 0
cf-cache-status: DYNAMIC
Report-To: {"endpoints":[{"url":"https:\/\/a.nel.cloudflare.com\/report\/v4?s=MrEEe14hg0uHbe%2BntIzb%2FbFjybnxk%2Fgv79NVZ4wZFjkIldV1%2FKUqU%2BsHd%2Fiv5EXyuXZMjjq0F9SK2AWxBbKu%2Fks5CnJlKY4ihQFnx%2FvEXfAKHt3lColJ0QFy4d43SbU%3D"}],"group":"cf-nel","max_age":604800}
NEL: {"success_fraction":0,"report_to":"cf-nel","max_age":604800}
Server: cloudflare
CF-RAY: 8de56e712d503a26-BOM
Content-Encoding: gzip
alt-svc: h3=":443"; ma=86400
server-timing: cfL4;desc="?proto=TCP&rtt=37487&sent=4&recv=6&lost=0&retrans=0&sent_bytes=2885&recv_bytes=975&delivery_rate=78940&cwnd=251&unsent_bytes=0&cid=a07388ccbd58eee8&ts=229&x=0"

{
    "id": 7507711,
    "name": "APiName",
    "email": "apiautomation1730899754949@open.com",
    "gender": "female",
    "status": "active"
}
{
    "id": 7507711,
    "name": "APiName",
    "email": "apiautomation1730899754949@open.com",
    "gender": "female",
    "status": "active"
}
patchUserTestWithBuilder passed!
]]></system-out>
  </testcase>
  <testcase name="deleteUserTestWithBuilder" classname="com.qa.api.tests.DeleteUserTest" time="1.806">
    <system-out><![CDATA[Test Suite is ending!
Test Suite started!
deleteUserTestWithBuilder started!
{
    "id": 7507712,
    "name": "APiName",
    "email": "apiautomation1730899756103@open.com",
    "gender": "female",
    "status": "active"
}
userId: 7507712
HTTP/1.1 200 OK
Date: Wed, 06 Nov 2024 13:29:17 GMT
Content-Type: application/json; charset=utf-8
Transfer-Encoding: chunked
Connection: keep-alive
Cache-Control: max-age=0, private, must-revalidate
etag: W/"78d13e7ef92e0a779f28810a6310e91b"
referrer-policy: strict-origin-when-cross-origin
vary: Origin
x-content-type-options: nosniff
x-download-options: noopen
x-frame-options: SAMEORIGIN
x-permitted-cross-domain-policies: none
x-ratelimit-limit: 90
x-ratelimit-remaining: 83
x-ratelimit-reset: 6
x-request-id: 5e98d04d-b701-46d7-b47a-994a1a9f5052
x-runtime: 0.100733
x-xss-protection: 0
cf-cache-status: DYNAMIC
Report-To: {"endpoints":[{"url":"https:\/\/a.nel.cloudflare.com\/report\/v4?s=eVQWdieuSkCUDdQeDOxujGwrJaDXXH2t1b2Xf8z02OFazMgcCq72WpN0erwYXzYwaQawRrGlzo7H7w1u1EW%2FfxcUuKBzSWag%2Br4INz%2F1vZ5idQ40Al95%2FmveBRqVeXI%3D"}],"group":"cf-nel","max_age":604800}
NEL: {"success_fraction":0,"report_to":"cf-nel","max_age":604800}
Server: cloudflare
CF-RAY: 8de56e782c144436-BOM
Content-Encoding: gzip
alt-svc: h3=":443"; ma=86400
server-timing: cfL4;desc="?proto=TCP&rtt=41018&sent=4&recv=6&lost=0&retrans=0&sent_bytes=2884&recv_bytes=975&delivery_rate=72296&cwnd=249&unsent_bytes=0&cid=b77272869d2c3fc6&ts=251&x=0"

{
    "id": 7507712,
    "name": "APiName",
    "email": "apiautomation1730899756103@open.com",
    "gender": "female",
    "status": "active"
}
{
    "id": 7507712,
    "name": "APiName",
    "email": "apiautomation1730899756103@open.com",
    "gender": "female",
    "status": "active"
}

HTTP/1.1 404 Not Found
Date: Wed, 06 Nov 2024 13:29:18 GMT
Content-Type: application/json; charset=utf-8
Content-Length: 32
Connection: keep-alive
Cache-Control: no-cache
referrer-policy: strict-origin-when-cross-origin
vary: Origin
x-content-type-options: nosniff
x-download-options: noopen
x-frame-options: SAMEORIGIN
x-permitted-cross-domain-policies: none
x-ratelimit-limit: 90
x-ratelimit-remaining: 81
x-ratelimit-reset: 7
x-request-id: 2ad340e6-0b68-4e25-a97c-c8d99e6b3901
x-runtime: 0.098115
x-xss-protection: 0
cf-cache-status: DYNAMIC
Report-To: {"endpoints":[{"url":"https:\/\/a.nel.cloudflare.com\/report\/v4?s=aqQaKkwW5vDn8akzdmg7eVPK25VcOCbO%2FMptwsb3j6m9avlT8D41K%2FF14Eh8o5uLlK%2B8TjUqCaxA9H%2BaCmQ%2BqBQWffUunbSWXDRNg0ml9WJXoWzw%2FCG53aLQIZevIxU%3D"}],"group":"cf-nel","max_age":604800}
NEL: {"success_fraction":0,"report_to":"cf-nel","max_age":604800}
Server: cloudflare
CF-RAY: 8de56e7e88dd85f1-BOM
alt-svc: h3=":443"; ma=86400
server-timing: cfL4;desc="?proto=TCP&rtt=36281&sent=4&recv=6&lost=0&retrans=0&sent_bytes=2884&recv_bytes=975&delivery_rate=78759&cwnd=251&unsent_bytes=0&cid=e188e31a5f8818dc&ts=233&x=0"

{
    "message": "Resource not found"
}
{
    "message": "Resource not found"
}
deleteUserTestWithBuilder passed!
]]></system-out>
  </testcase>
  <testcase name="createUserTest[Naveen, male, active](1)" classname="com.qa.api.tests.CreateUserTest" time="0.517">
    <system-out><![CDATA[Test Suite is ending!
Test Suite started!
createUserTest started!
{
    "id": 7507713,
    "name": "Naveen",
    "email": "apiautomation1730899758209@open.com",
    "gender": "male",
    "status": "active"
}
createUserTest passed!
]]></system-out>
  </testcase>
  <testcase name="createUserTest[Mukesh, male, active](2)" classname="com.qa.api.tests.CreateUserTest" time="0.461">
    <system-out><![CDATA[createUserTest started!
{
    "id": 7507714,
    "name": "Mukesh",
    "email": "apiautomation1730899758710@open.com",
    "gender": "male",
    "status": "active"
}
createUserTest passed!
]]></system-out>
  </testcase>
  <testcase name="createUserTest[Sanjay, male, Inactive](3)" classname="com.qa.api.tests.CreateUserTest" time="0.389">
    <system-out><![CDATA[createUserTest started!
{
    "id": 7507715,
    "name": "Sanjay",
    "email": "apiautomation1730899759216@open.com",
    "gender": "male",
    "status": "inactive"
}
createUserTest passed!
]]></system-out>
  </testcase>
  <testcase name="createUserTestWithBuilder[Naveen, male, active](1)" classname="com.qa.api.tests.CreateUserTest" time="0.934">
    <system-out><![CDATA[createUserTestWithBuilder started!
{
    "id": 7507716,
    "name": "Naveen",
    "email": "apiautomation1730899759627@open.com",
    "gender": "male",
    "status": "active"
}
userId: 7507716
HTTP/1.1 200 OK
Date: Wed, 06 Nov 2024 13:29:20 GMT
Content-Type: application/json; charset=utf-8
Transfer-Encoding: chunked
Connection: keep-alive
Cache-Control: max-age=0, private, must-revalidate
etag: W/"bdd2b88b3a26bc38916907ac9c22f5e9"
referrer-policy: strict-origin-when-cross-origin
vary: Origin
x-content-type-options: nosniff
x-download-options: noopen
x-frame-options: SAMEORIGIN
x-permitted-cross-domain-policies: none
x-ratelimit-limit: 90
x-ratelimit-remaining: 77
x-ratelimit-reset: 10
x-request-id: 72c00cbc-01cd-45c3-887c-6aa3f9ab7dd2
x-runtime: 0.068614
x-xss-protection: 0
cf-cache-status: DYNAMIC
Report-To: {"endpoints":[{"url":"https:\/\/a.nel.cloudflare.com\/report\/v4?s=vIBefquaiQDBoMMmX%2FSEkFfXhwwbtxWtbGh2d2ks8dR3xYPYJ5OAPMVJ%2BWFhv5c0Kh%2FcQoDwiO83Ep3xV0aw18uRHCWI4QFfVciRrWag5R7DKU4EJ0nI5Nswo7TqwxI%3D"}],"group":"cf-nel","max_age":604800}
NEL: {"success_fraction":0,"report_to":"cf-nel","max_age":604800}
Server: cloudflare
CF-RAY: 8de56e8e1b263a17-BOM
Content-Encoding: gzip
alt-svc: h3=":443"; ma=86400
server-timing: cfL4;desc="?proto=TCP&rtt=80470&sent=4&recv=6&lost=0&retrans=0&sent_bytes=2886&recv_bytes=975&delivery_rate=49553&cwnd=251&unsent_bytes=0&cid=8fc62ec72c8b1245&ts=251&x=0"

{
    "id": 7507716,
    "name": "Naveen",
    "email": "apiautomation1730899759627@open.com",
    "gender": "male",
    "status": "active"
}
{
    "id": 7507716,
    "name": "Naveen",
    "email": "apiautomation1730899759627@open.com",
    "gender": "male",
    "status": "active"
}
createUserTestWithBuilder passed!
]]></system-out>
  </testcase>
  <testcase name="createUserTestWithBuilder[Mukesh, male, active](2)" classname="com.qa.api.tests.CreateUserTest" time="1.379">
    <system-out><![CDATA[createUserTestWithBuilder started!
{
    "id": 7507718,
    "name": "Mukesh",
    "email": "apiautomation1730899760565@open.com",
    "gender": "male",
    "status": "active"
}
userId: 7507718
HTTP/1.1 200 OK
Date: Wed, 06 Nov 2024 13:29:21 GMT
Content-Type: application/json; charset=utf-8
Transfer-Encoding: chunked
Connection: keep-alive
Cache-Control: max-age=0, private, must-revalidate
etag: W/"b79ffdd77ea07b58c7d2e5ea193f26e8"
referrer-policy: strict-origin-when-cross-origin
vary: Origin
x-content-type-options: nosniff
x-download-options: noopen
x-frame-options: SAMEORIGIN
x-permitted-cross-domain-policies: none
x-ratelimit-limit: 90
x-ratelimit-remaining: 75
x-ratelimit-reset: 11
x-request-id: b909962d-1e69-45da-ad55-f0b344a9b2c6
x-runtime: 0.093722
x-xss-protection: 0
cf-cache-status: DYNAMIC
Report-To: {"endpoints":[{"url":"https:\/\/a.nel.cloudflare.com\/report\/v4?s=uYLqBZUdjnDP9Iz6qtTU8oeOTg6HppW5N%2FK3dPMx1ojElH2FbxwLBmh%2BHLfJdnlMu91h%2BZppL0aScjSmuWj%2BhSEq5yNV89sS4HEFvf8BJZ2ODNgZKBfhfuUh7x3s1XI%3D"}],"group":"cf-nel","max_age":604800}
NEL: {"success_fraction":0,"report_to":"cf-nel","max_age":604800}
Server: cloudflare
CF-RAY: 8de56e93ad843a99-BOM
Content-Encoding: gzip
alt-svc: h3=":443"; ma=86400
server-timing: cfL4;desc="?proto=TCP&rtt=36308&sent=4&recv=6&lost=0&retrans=0&sent_bytes=2886&recv_bytes=975&delivery_rate=80272&cwnd=251&unsent_bytes=0&cid=e5e94bb7066b5ad1&ts=240&x=0"

{
    "id": 7507718,
    "name": "Mukesh",
    "email": "apiautomation1730899760565@open.com",
    "gender": "male",
    "status": "active"
}
{
    "id": 7507718,
    "name": "Mukesh",
    "email": "apiautomation1730899760565@open.com",
    "gender": "male",
    "status": "active"
}
createUserTestWithBuilder passed!
]]></system-out>
  </testcase>
  <testcase name="createUserTestWithBuilder[Sanjay, male, Inactive](3)" classname="com.qa.api.tests.CreateUserTest" time="1.053">
    <system-out><![CDATA[createUserTestWithBuilder started!
{
    "id": 7507720,
    "name": "Sanjay",
    "email": "apiautomation1730899761951@open.com",
    "gender": "male",
    "status": "inactive"
}
userId: 7507720
HTTP/1.1 200 OK
Date: Wed, 06 Nov 2024 13:29:22 GMT
Content-Type: application/json; charset=utf-8
Transfer-Encoding: chunked
Connection: keep-alive
Cache-Control: max-age=0, private, must-revalidate
etag: W/"ed1575edf41eebda906591f38d121a4d"
referrer-policy: strict-origin-when-cross-origin
vary: Origin
x-content-type-options: nosniff
x-download-options: noopen
x-frame-options: SAMEORIGIN
x-permitted-cross-domain-policies: none
x-ratelimit-limit: 90
x-ratelimit-remaining: 74
x-ratelimit-reset: 12
x-request-id: b58d305f-24e5-4b48-ad82-78223124dda0
x-runtime: 0.109661
x-xss-protection: 0
cf-cache-status: DYNAMIC
Report-To: {"endpoints":[{"url":"https:\/\/a.nel.cloudflare.com\/report\/v4?s=EREKm%2FLrsc%2FXSkR4g4FUjzP%2BgrvAbApm0fvQPkpuBCX2JHec8oC3knuZXF2r7Wad9mORYxmH%2FeQ2%2FwXx270tC3ScTTKvFUOjszmndiZrkhSKjKPPXRH4hCKHAejQ60o%3D"}],"group":"cf-nel","max_age":604800}
NEL: {"success_fraction":0,"report_to":"cf-nel","max_age":604800}
Server: cloudflare
CF-RAY: 8de56e9d5ab64162-BOM
Content-Encoding: gzip
alt-svc: h3=":443"; ma=86400
server-timing: cfL4;desc="?proto=TCP&rtt=43882&sent=4&recv=6&lost=0&retrans=0&sent_bytes=2884&recv_bytes=975&delivery_rate=58929&cwnd=246&unsent_bytes=0&cid=4f6e1bd99a84fa0c&ts=210&x=0"

{
    "id": 7507720,
    "name": "Sanjay",
    "email": "apiautomation1730899761951@open.com",
    "gender": "male",
    "status": "inactive"
}
{
    "id": 7507720,
    "name": "Sanjay",
    "email": "apiautomation1730899761951@open.com",
    "gender": "male",
    "status": "inactive"
}
createUserTestWithBuilder passed!
]]></system-out>
  </testcase>
  <testcase name="getUserTest" classname="com.qa.reqres.api.tests.ReqResTest" time="0.361">
    <system-out><![CDATA[Test Suite is ending!
Test Suite started!
getUserTest started!
Auth is not required....
HTTP/1.1 200 OK
Date: Wed, 06 Nov 2024 13:29:23 GMT
Content-Type: application/json; charset=utf-8
Transfer-Encoding: chunked
Connection: keep-alive
Report-To: {"group":"heroku-nel","max_age":3600,"endpoints":[{"url":"https://nel.heroku.com/reports?ts=1730897885&sid=c4c9725f-1ab0-44d8-820f-430df2718e11&s=VJq7BZSoUqH33d%2Bjb0Et8jgv4qKaTgmU5U5KtY25YAQ%3D"}]}
Reporting-Endpoints: heroku-nel=https://nel.heroku.com/reports?ts=1730897885&sid=c4c9725f-1ab0-44d8-820f-430df2718e11&s=VJq7BZSoUqH33d%2Bjb0Et8jgv4qKaTgmU5U5KtY25YAQ%3D
Nel: {"report_to":"heroku-nel","max_age":3600,"success_fraction":0.005,"failure_fraction":0.05,"response_headers":["Via"]}
X-Powered-By: Express
Access-Control-Allow-Origin: *
Etag: W/"118-pbdwwFo9SKNhD3Lx5iHJyngpq00"
Via: 1.1 vegur
Cache-Control: max-age=14400
CF-Cache-Status: HIT
Age: 1878
Vary: Accept-Encoding
Server: cloudflare
CF-RAY: 8de56ea308603aec-BOM
Content-Encoding: gzip
server-timing: cfL4;desc="?proto=TCP&rtt=51860&sent=6&recv=6&lost=0&retrans=0&sent_bytes=3109&recv_bytes=869&delivery_rate=110435&cwnd=252&unsent_bytes=0&cid=a819b236d0f150e8&ts=144&x=0"

{
    "data": {
        "id": 2,
        "email": "janet.weaver@reqres.in",
        "first_name": "Janet",
        "last_name": "Weaver",
        "avatar": "https://reqres.in/img/faces/2-image.jpg"
    },
    "support": {
        "url": "https://reqres.in/#support-heading",
        "text": "To keep ReqRes free, contributions towards server costs are appreciated!"
    }
}
{
    "data": {
        "id": 2,
        "email": "janet.weaver@reqres.in",
        "first_name": "Janet",
        "last_name": "Weaver",
        "avatar": "https://reqres.in/img/faces/2-image.jpg"
    },
    "support": {
        "url": "https://reqres.in/#support-heading",
        "text": "To keep ReqRes free, contributions towards server costs are appreciated!"
    }
}
getUserTest passed!
]]></system-out>
  </testcase>
  <testcase name="getContactsTest" classname="com.qa.contacts.api.tests.ContactsTest" time="1.98">
    <system-out><![CDATA[Test Suite is ending!
Test Suite started!
Auth is not required....
{
    "user": {
        "_id": "64871a66f6d13c00137cb31a",
        "firstName": "Naveen",
        "lastName": "Khunteta",
        "email": "naveenanimation20@gmail.com",
        "__v": 447
    },
    "token": "eyJhbGciOiJIUzI1NiIsInR5cCI6IkpXVCJ9.eyJfaWQiOiI2NDg3MWE2NmY2ZDEzYzAwMTM3Y2IzMWEiLCJpYXQiOjE3MzA4OTk3NjV9.dbkTncEoB6-o-7OhI_faSsH68DbG0N5-gAvtIt26oWo"
}
Token id ===>eyJhbGciOiJIUzI1NiIsInR5cCI6IkpXVCJ9.eyJfaWQiOiI2NDg3MWE2NmY2ZDEzYzAwMTM3Y2IzMWEiLCJpYXQiOjE3MzA4OTk3NjV9.dbkTncEoB6-o-7OhI_faSsH68DbG0N5-gAvtIt26oWo
getContactsTest started!
HTTP/1.1 200 OK
Server: Cowboy
Report-To: {"group":"heroku-nel","max_age":3600,"endpoints":[{"url":"https://nel.heroku.com/reports?ts=1730899766&sid=af571f24-03ee-46d1-9f90-ab9030c2c74c&s=JvKVhmqt%2BEI2V1hBmnQbhF%2BWm5caXfPCUwpNg1wTtc8%3D"}]}
Reporting-Endpoints: heroku-nel=https://nel.heroku.com/reports?ts=1730899766&sid=af571f24-03ee-46d1-9f90-ab9030c2c74c&s=JvKVhmqt%2BEI2V1hBmnQbhF%2BWm5caXfPCUwpNg1wTtc8%3D
Nel: {"report_to":"heroku-nel","max_age":3600,"success_fraction":0.005,"failure_fraction":0.05,"response_headers":["Via"]}
Connection: keep-alive
X-Powered-By: Express
Content-Type: application/json; charset=utf-8
Content-Length: 15454
Etag: W/"3c5e-cl3qO5FWWj6dM9nItQNMssUkUmM"
Date: Wed, 06 Nov 2024 13:29:27 GMT
Via: 1.1 vegur

[
    {
        "_id": "6697f347d52ae4001397daf2",
        "firstName": "Naveen",
        "lastName": "Automation",
        "birthdate": "1970-01-01",
        "email": "jdoe@fake.com",
        "phone": "8005555555",
        "street1": "1 Main St.",
        "street2": "Apartment A",
        "city": "Anytown",
        "stateProvince": "KS",
        "postalCode": "12345",
        "country": "USA",
        "owner": "64871a66f6d13c00137cb31a",
        "__v": 0
    },
    {
        "_id": "6697f393d52ae4001397daf4",
        "firstName": "Naveen",
        "lastName": "Automation",
        "birthdate": "1970-01-01",
        "email": "jdoe@fake.com",
        "phone": "8005555555",
        "street1": "1 Main St.",
        "street2": "Apartment A",
        "city": "Anytown",
        "stateProvince": "KS",
        "postalCode": "12345",
        "country": "USA",
        "owner": "64871a66f6d13c00137cb31a",
        "__v": 0
    },
    {
        "_id": "6697f7c23155840013ce96be",
        "firstName": "Naveen",
        "lastName": "Automation",
        "birthdate": "1970-01-01",
        "email": "haley_batz@gmail.com",
        "phone": "8005555555",
        "street1": "1 Main St.",
        "street2": "Apartment A",
        "city": "Anytown",
        "stateProvince": "KS",
        "postalCode": "12345",
        "country": "USA",
        "owner": "64871a66f6d13c00137cb31a",
        "__v": 0
    },
    {
        "_id": "6698d468e4d2cf00134c078a",
        "firstName": "Naveen",
        "lastName": "Automation",
        "birthdate": "1970-01-01",
        "email": "jdoe@fake.com",
        "phone": "8005555555",
        "street1": "1 Main St.",
        "street2": "Apartment A",
        "city": "Anytown",
        "stateProvince": "KS",
        "postalCode": "12345",
        "country": "USA",
        "owner": "64871a66f6d13c00137cb31a",
        "__v": 0
    },
    {
        "_id": "6698d7dae4d2cf00134c079a",
        "firstName": "Naveen",
        "lastName": "Automation",
        "birthdate": "1970-01-01",
        "email": "jdoe@fake.com",
        "phone": "8005555555",
        "street1": "1 Main St.",
        "street2": "Apartment A",
        "city": "Anytown",
        "stateProvince": "KS",
        "postalCode": "12345",
        "country": "USA",
        "owner": "64871a66f6d13c00137cb31a",
        "__v": 0
    },
    {
        "_id": "6698d811e4d2cf00134c079d",
        "firstName": "Naveen",
        "lastName": "Automation",
        "birthdate": "1970-01-01",
        "email": "jdoe@fake.com",
        "phone": "8005555555",
        "street1": "1 Main St.",
        "street2": "Apartment A",
        "city": "Anytown",
        "stateProvince": "KS",
        "postalCode": "12345",
        "country": "USA",
        "owner": "64871a66f6d13c00137cb31a",
        "__v": 0
    },
    {
        "_id": "6698d817e4d2cf00134c079e",
        "firstName": "Naveen",
        "lastName": "Automation",
        "birthdate": "1970-01-01",
        "email": "jdoe@fake.com",
        "phone": "8005555555",
        "street1": "1 Main St.",
        "street2": "Apartment A",
        "city": "Anytown",
        "stateProvince": "KS",
        "postalCode": "12345",
        "country": "USA",
        "owner": "64871a66f6d13c00137cb31a",
        "__v": 0
    },
    {
        "_id": "6698d828e4d2cf00134c079f",
        "firstName": "Naveen",
        "lastName": "Automation",
        "birthdate": "1970-01-01",
        "email": "jdoe@fake.com",
        "phone": "8005555555",
        "street1": "1 Main St.",
        "street2": "Apartment A",
        "city": "Anytown",
        "stateProvince": "KS",
        "postalCode": "12345",
        "country": "USA",
        "owner": "64871a66f6d13c00137cb31a",
        "__v": 0
    },
    {
        "_id": "6698d8b779e6ea0013b2993b",
        "firstName": "Naveen",
        "lastName": "Automation",
        "birthdate": "1970-01-01",
        "email": "jdoe@fake.com",
        "phone": "8005555555",
        "street1": "1 Main St.",
        "street2": "Apartment A",
        "city": "Anytown",
        "stateProvince": "KS",
        "postalCode": "12345",
        "country": "USA",
        "owner": "64871a66f6d13c00137cb31a",
        "__v": 0
    },
    {
        "_id": "66ad10e7aa3ea00013dd5f0b",
        "firstName": "Naveen",
        "lastName": "Automation",
        "birthdate": "1970-01-01",
        "email": "jdoe@fake.com",
        "phone": "8005555555",
        "street1": "1 Main St.",
        "street2": "Apartment A",
        "city": "Anytown",
        "stateProvince": "KS",
        "postalCode": "12345",
        "country": "USA",
        "owner": "64871a66f6d13c00137cb31a",
        "__v": 0
    },
    {
        "_id": "66ad14faaa3ea00013dd5f0f",
        "firstName": "Naveen",
        "lastName": "Automation",
        "birthdate": "1970-01-01",
        "email": "jdoe@fake.com",
        "phone": "8005555555",
        "street1": "1 Main St.",
        "street2": "Apartment A",
        "city": "Anytown",
        "stateProvince": "KS",
        "postalCode": "12345",
        "country": "USA",
        "owner": "64871a66f6d13c00137cb31a",
        "__v": 0
    },
    {
        "_id": "66ad1531d01280001397a620",
        "firstName": "Naveen",
        "lastName": "Automation",
        "birthdate": "1970-01-01",
        "email": "jdoe@fake.com",
        "phone": "8005555555",
        "street1": "1 Main St.",
        "street2": "Apartment A",
        "city": "Anytown",
        "stateProvince": "KS",
        "postalCode": "12345",
        "country": "USA",
        "owner": "64871a66f6d13c00137cb31a",
        "__v": 0
    },
    {
        "_id": "66ad15c3aa3ea00013dd5f12",
        "firstName": "Naveen",
        "lastName": "Automation",
        "birthdate": "1970-01-01",
        "email": "jdoe@fake.com",
        "phone": "8005555555",
        "street1": "1 Main St.",
        "street2": "Apartment A",
        "city": "Anytown",
        "stateProvince": "KS",
        "postalCode": "12345",
        "country": "USA",
        "owner": "64871a66f6d13c00137cb31a",
        "__v": 0
    },
    {
        "_id": "66af9d8320675900139bcb42",
        "firstName": "Naveen",
        "lastName": "Automation",
        "birthdate": "1970-01-01",
        "email": "jdoe@fake.com",
        "phone": "8005555555",
        "street1": null,
        "street2": null,
        "city": null,
        "stateProvince": null,
        "postalCode": null,
        "country": null,
        "owner": "64871a66f6d13c00137cb31a",
        "__v": 0
    },
    {
        "_id": "66b0dd464fa13b0013036940",
        "firstName": "Naveen",
        "lastName": "Automation",
        "birthdate": "1970-01-07",
        "email": "jdoe@fake.com",
        "phone": "8005555555",
        "street1": "1 Main St.",
        "street2": "Apartment A",
        "city": "Anytown",
        "stateProvince": "KS",
        "postalCode": "12345",
        "country": "USA",
        "owner": "64871a66f6d13c00137cb31a",
        "__v": 0
    },
    {
        "_id": "66b1431e8c0a3d00137feb45",
        "firstName": "Naveen",
        "lastName": "Automation",
        "birthdate": "1970-01-01",
        "email": "jdoe@fake.com",
        "phone": "8005555555",
        "street1": "1 Main St.",
        "street2": "Apartment A",
        "city": "Anytown",
        "stateProvince": "KS",
        "postalCode": "12345",
        "country": "USA",
        "owner": "64871a66f6d13c00137cb31a",
        "__v": 0
    },
    {
        "_id": "66dc8c88eef53f0013a442e1",
        "firstName": "Naveen",
        "lastName": "Automation",
        "birthdate": "1970-01-01",
        "email": "jdoe@fake.com",
        "phone": "8005555555",
        "street1": "1 Main St.",
        "street2": "Apartment A",
        "city": "Anytown",
        "stateProvince": "KS",
        "postalCode": "12345",
        "country": "USA",
        "owner": "64871a66f6d13c00137cb31a",
        "__v": 0
    },
    {
        "_id": "66dc8f47eef53f0013a442e3",
        "firstName": "Naveen",
        "lastName": "Automation",
        "birthdate": "1970-01-01",
        "email": "jdoe@fake.com",
        "phone": "8005555555",
        "street1": "1 Main St.",
        "street2": "Apartment A",
        "city": "Anytown",
        "stateProvince": "KS",
        "postalCode": "12345",
        "country": "USA",
        "owner": "64871a66f6d13c00137cb31a",
        "__v": 0
    },
    {
        "_id": "66dc95fafbe75a0013aa110c",
        "firstName": "Naveen",
        "lastName": "Automation",
        "birthdate": "1970-01-01",
        "email": "jdoe@fake.com",
        "phone": "8005555555",
        "street1": "1 Main St.",
        "street2": "Apartment A",
        "city": "Anytown",
        "stateProvince": "KS",
        "postalCode": "12345",
        "country": "USA",
        "owner": "64871a66f6d13c00137cb31a",
        "__v": 0
    },
    {
        "_id": "66eadb4791faa70013e31f3d",
        "firstName": "Naveen",
        "lastName": "Automation",
        "birthdate": "1970-01-01",
        "email": "jdoe@fake.com",
        "phone": "8005555555",
        "street1": "1 Main St.",
        "street2": "Apartment A",
        "city": "Anytown",
        "stateProvince": "KS",
        "postalCode": "12345",
        "country": "USA",
        "owner": "64871a66f6d13c00137cb31a",
        "__v": 0
    },
    {
        "_id": "66eadc3791faa70013e31f4a",
        "firstName": "Naveen",
        "lastName": "Automation",
        "email": "jdoe@fake.com",
        "owner": "64871a66f6d13c00137cb31a",
        "__v": 0
    },
    {
        "_id": "66af8be620675900139bcb0b",
        "firstName": "Naveen Kumar",
        "lastName": "Automation",
        "birthdate": "1970-01-01",
        "email": "jdoe@fake.com",
        "phone": "8005555555",
        "street1": "1 Main St.",
        "street2": "Apartment A",
        "city": "Anytown",
        "stateProvince": "KS",
        "postalCode": "12345",
        "country": "USA",
        "owner": "64871a66f6d13c00137cb31a",
        "__v": 0
    },
    {
        "_id": "66af8d141e92ed00137acc99",
        "firstName": "Naveen Kumar",
        "lastName": "Automation",
        "birthdate": "1970-01-01",
        "email": "jdoe@fake.com",
        "phone": "8005555555",
        "street1": "1 Main St.",
        "street2": "Apartment A",
        "city": "Anytown",
        "stateProvince": "KS",
        "postalCode": "12345",
        "country": "USA",
        "owner": "64871a66f6d13c00137cb31a",
        "__v": 0
    },
    {
        "_id": "66af98251e92ed00137accb0",
        "firstName": "Naveen Kumar",
        "lastName": "Automation",
        "birthdate": "1970-01-01",
        "email": "jdoe@fake.com",
        "phone": "8005555555",
        "street1": "1 Main St.",
        "street2": "Apartment A",
        "city": "Anytown",
        "stateProvince": "KS",
        "postalCode": "12345",
        "country": "USA",
        "owner": "64871a66f6d13c00137cb31a",
        "__v": 0
    },
    {
        "_id": "66af98a420675900139bcb2e",
        "firstName": "Naveen Kumar",
        "lastName": "Automation",
        "birthdate": "1970-01-01",
        "email": "jdoe@fake.com",
        "phone": "8005555555",
        "street1": "1 Main St.",
        "street2": "Apartment A",
        "city": "Anytown",
        "stateProvince": "KS",
        "postalCode": "12345",
        "country": "USA",
        "owner": "64871a66f6d13c00137cb31a",
        "__v": 0
    },
    {
        "_id": "66af993020675900139bcb32",
        "firstName": "Naveen Kumar",
        "lastName": "Automation",
        "birthdate": "1970-01-01",
        "email": "jdoe@fake.com",
        "phone": "8005555555",
        "street1": "1 Main St.",
        "street2": "Apartment A",
        "city": "Anytown",
        "stateProvince": "KS",
        "postalCode": "12345",
        "country": "USA",
        "owner": "64871a66f6d13c00137cb31a",
        "__v": 0
    },
    {
        "_id": "66af9a551e92ed00137accbd",
        "firstName": "Naveen Kumar",
        "lastName": "Automation",
        "birthdate": "1970-01-01",
        "email": "jdoe@fake.com",
        "phone": "8005555555",
        "street1": "1 Main St.",
        "street2": "Apartment A",
        "city": "Anytown",
        "stateProvince": "KS",
        "postalCode": "12345",
        "country": "USA",
        "owner": "64871a66f6d13c00137cb31a",
        "__v": 0
    },
    {
        "_id": "66af9bfc20675900139bcb3b",
        "firstName": "Naveen Kumar",
        "lastName": "Automation",
        "birthdate": "1970-01-01",
        "email": "jdoe@fake.com",
        "phone": "8005555555",
        "street1": "1 Main St.",
        "street2": "Apartment A",
        "city": "Anytown",
        "stateProvince": "KS",
        "postalCode": "12345",
        "country": "USA",
        "owner": "64871a66f6d13c00137cb31a",
        "__v": 0
    },
    {
        "_id": "66af9c431e92ed00137accc2",
        "firstName": "Naveen Kumar",
        "lastName": "Automation",
        "birthdate": "1970-01-01",
        "email": "jdoe@fake.com",
        "phone": "8005555555",
        "street1": "1 Main St.",
        "street2": "Apartment A",
        "city": "Anytown",
        "stateProvince": "KS",
        "postalCode": "12345",
        "country": "USA",
        "owner": "64871a66f6d13c00137cb31a",
        "__v": 0
    },
    {
        "_id": "66af9ca81e92ed00137accc5",
        "firstName": "Naveen Kumar",
        "lastName": "Automation",
        "birthdate": "1970-01-01",
        "email": "jdoe@fake.com",
        "phone": "8005555555",
        "street1": "1 Main St.",
        "street2": "Apartment A",
        "city": "Anytown",
        "stateProvince": "KS",
        "postalCode": "12345",
        "country": "USA",
        "owner": "64871a66f6d13c00137cb31a",
        "__v": 0
    },
    {
        "_id": "66af9cf71e92ed00137accc8",
        "firstName": "Naveen Kumar",
        "lastName": "Automation",
        "birthdate": "1970-01-01",
        "email": "jdoe@fake.com",
        "phone": "8005555555",
        "street1": "1 Main St.",
        "street2": "Apartment A",
        "city": "Anytown",
        "stateProvince": "KS",
        "postalCode": "12345",
        "country": "USA",
        "owner": "64871a66f6d13c00137cb31a",
        "__v": 0
    },
    {
        "_id": "66af9e0120675900139bcb47",
        "firstName": "Pankaj Mishra",
        "lastName": "Automation",
        "birthdate": "1970-01-01",
        "email": "jdoe@fake.com",
        "phone": "8005555555",
        "street1": null,
        "street2": null,
        "city": null,
        "stateProvince": null,
        "country": null,
        "owner": "64871a66f6d13c00137cb31a",
        "__v": 0
    },
    {
        "_id": "66b0ddbc31d2580013d1b057",
        "firstName": "Priya",
        "lastName": "Lakhiya",
        "birthdate": "1999-01-01",
        "email": "jdoe@fake.com",
        "phone": "8005555555",
        "street1": "1 Main St.",
        "street2": "Apartment A",
        "city": "Anytown",
        "stateProvince": "KS",
        "postalCode": "12345",
        "country": "USA",
        "owner": "64871a66f6d13c00137cb31a",
        "__v": 0
    },
    {
        "_id": "66b0e0724fa13b001303694b",
        "firstName": "Priya",
        "lastName": "Lakhiya",
        "birthdate": "1999-01-01",
        "email": "jdoe@fake.com",
        "phone": "8005555555",
        "street1": "1 Main St.",
        "street2": "Apartment A",
        "city": "Anytown",
        "stateProvince": "KS",
        "postalCode": "12345",
        "country": "USA",
        "owner": "64871a66f6d13c00137cb31a",
        "__v": 0
    },
    {
        "_id": "66ebe80c4bde0b0013a6756b",
        "firstName": "Amy",
        "lastName": "Miller",
        "birthdate": "1992-02-02",
        "email": "amiller@fake.com",
        "phone": "8005554242",
        "street1": "13 School St.",
        "street2": "Apt. 5",
        "city": "Washington",
        "stateProvince": "QC",
        "postalCode": "A1A1A1",
        "country": "Canada",
        "owner": "64871a66f6d13c00137cb31a",
        "__v": 0
    },
    {
        "_id": "66ebe8b34bde0b0013a6758c",
        "firstName": "Amy",
        "lastName": "Miller",
        "birthdate": "1992-02-02",
        "email": "amiller@fake.com",
        "phone": "8005554242",
        "street1": "13 School St.",
        "street2": "Apt. 5",
        "city": "Washington",
        "stateProvince": "QC",
        "postalCode": "A1A1A1",
        "country": "Canada",
        "owner": "64871a66f6d13c00137cb31a",
        "__v": 0
    },
    {
        "_id": "66ebe8e74bde0b0013a6758d",
        "firstName": "Amy",
        "lastName": "Miller",
        "birthdate": "1992-02-02",
        "email": "amiller@fake.com",
        "phone": "8005554242",
        "street1": "13 School St.",
        "street2": "Apt. 5",
        "city": "Washington",
        "stateProvince": "QC",
        "postalCode": "A1A1A1",
        "country": "Canada",
        "owner": "64871a66f6d13c00137cb31a",
        "__v": 0
    },
    {
        "_id": "6717fe22b642e30013d7aef5",
        "firstName": "Amy",
        "lastName": "Miller",
        "birthdate": "1992-02-02",
        "email": "amiller@fake.com",
        "phone": "8005554242",
        "street1": "13 School St.",
        "street2": "Apt. 5",
        "city": "Washington",
        "stateProvince": "QC",
        "postalCode": "A1A1A1",
        "country": "Canada",
        "owner": "64871a66f6d13c00137cb31a",
        "__v": 0
    },
    {
        "_id": "671828adb642e30013d7afb7",
        "firstName": "Amy",
        "lastName": "Miller",
        "birthdate": "1992-02-02",
        "email": "amiller@fake.com",
        "phone": "8005554242",
        "street1": "13 School St.",
        "street2": "Apt. 5",
        "city": "Washington",
        "stateProvince": "QC",
        "postalCode": "A1A1A1",
        "country": "Canada",
        "owner": "64871a66f6d13c00137cb31a",
        "__v": 0
    },
    {
        "_id": "66d17f564892ad00136c3b85",
        "firstName": "simi",
        "lastName": "QA",
        "birthdate": "1990-01-01",
        "email": "jdoe@fake.com",
        "phone": "8005555555",
        "street1": null,
        "street2": null,
        "city": null,
        "stateProvince": null,
        "postalCode": null,
        "country": null,
        "owner": "64871a66f6d13c00137cb31a",
        "__v": 0
    },
    {
        "_id": "66b1c509cc64e300134e88a0",
        "firstName": "joy",
        "lastName": "ful",
        "email": "joy@gmail.com",
        "phone": "9898989898",
        "owner": "64871a66f6d13c00137cb31a",
        "__v": 0
    },
    {
        "_id": "6697e8763155840013ce966c",
        "firstName": "tom",
        "lastName": "peter",
        "owner": "64871a66f6d13c00137cb31a",
        "__v": 0
    },
    {
        "_id": "66eade7c9a2b8f0013cce574",
        "firstName": "rama",
        "lastName": "rao",
        "email": "ram@gmail.com",
        "owner": "64871a66f6d13c00137cb31a",
        "__v": 0
    },
    {
        "_id": "66eadf1e9a2b8f0013cce575",
        "firstName": "rama",
        "lastName": "rao",
        "email": "ram@gmail.com",
        "owner": "64871a66f6d13c00137cb31a",
        "__v": 0
    },
    {
        "_id": "66eadf3e91faa70013e31f5a",
        "firstName": "rama",
        "lastName": "rao",
        "email": "ram@gmail.com",
        "owner": "64871a66f6d13c00137cb31a",
        "__v": 0
    },
    {
        "_id": "66eadf7991faa70013e31f5d",
        "firstName": "rama",
        "lastName": "rao",
        "email": "ram@gmail.com",
        "owner": "64871a66f6d13c00137cb31a",
        "__v": 0
    },
    {
        "_id": "66eae0049a2b8f0013cce57a",
        "firstName": "rama",
        "lastName": "rao",
        "email": "ram@gmail.com",
        "owner": "64871a66f6d13c00137cb31a",
        "__v": 0
    },
    {
        "_id": "66eae01c91faa70013e31f62",
        "firstName": "rama",
        "lastName": "rao",
        "email": "api1726668824101@opencart.com",
        "owner": "64871a66f6d13c00137cb31a",
        "__v": 0
    },
    {
        "_id": "66eae02c91faa70013e31f63",
        "firstName": "rama",
        "lastName": "rao",
        "email": "api1726668839756@opencart.com",
        "owner": "64871a66f6d13c00137cb31a",
        "__v": 0
    },
    {
        "_id": "66eae2c49a2b8f0013cce58e",
        "firstName": "rama",
        "lastName": "rao",
        "email": "api1726669503100@opencart.com",
        "owner": "64871a66f6d13c00137cb31a",
        "__v": 0
    },
    {
        "_id": "66eae3499a2b8f0013cce591",
        "firstName": "rama",
        "lastName": "rao",
        "email": "api1726669639692@opencart.com",
        "owner": "64871a66f6d13c00137cb31a",
        "__v": 0
    },
    {
        "_id": "66eae2139a2b8f0013cce581",
        "firstName": "sarada",
        "lastName": "rao",
        "email": "api1726669327354@opencart.com",
        "owner": "64871a66f6d13c00137cb31a",
        "__v": 0
    },
    {
        "_id": "66eae29691faa70013e31f68",
        "firstName": "sarada",
        "lastName": "rao",
        "email": "api1726669458369@opencart.com",
        "owner": "64871a66f6d13c00137cb31a",
        "__v": 0
    },
    {
        "_id": "66eae2f69a2b8f0013cce58f",
        "firstName": "sarada",
        "lastName": "rao",
        "email": "api1726669554321@opencart.com",
        "owner": "64871a66f6d13c00137cb31a",
        "__v": 0
    },
    {
        "_id": "66eae3199a2b8f0013cce590",
        "firstName": "sarada",
        "lastName": "rao",
        "email": "api1726669587520@opencart.com",
        "owner": "64871a66f6d13c00137cb31a",
        "__v": 0
    },
    {
        "_id": "66eae34691faa70013e31f6a",
        "firstName": "sarada",
        "lastName": "rao",
        "email": "api1726669633939@opencart.com",
        "owner": "64871a66f6d13c00137cb31a",
        "__v": 0
    },
    {
        "_id": "66eae58c91faa70013e31f79",
        "firstName": "sarada",
        "lastName": "rao",
        "email": "api1726670215328@opencart.com",
        "owner": "64871a66f6d13c00137cb31a",
        "__v": 0
    },
    {
        "_id": "66eae5af91faa70013e31f7a",
        "firstName": "sarada",
        "lastName": "rao",
        "email": "api1726670250836@opencart.com",
        "owner": "64871a66f6d13c00137cb31a",
        "__v": 0
    },
    {
        "_id": "66993dde79e6ea0013b29b00",
        "firstName": "sasas",
        "lastName": "sasasa",
        "owner": "64871a66f6d13c00137cb31a",
        "__v": 0
    },
    {
        "_id": "6697e7133155840013ce9665",
        "firstName": "Anna",
        "lastName": "sharma",
        "birthdate": "1990-12-15",
        "email": "kavya@gmail.com",
        "phone": "9999999999",
        "owner": "64871a66f6d13c00137cb31a",
        "__v": 0,
        "city": null,
        "country": null,
        "stateProvince": null,
        "street1": null,
        "street2": null
    }
]
[
    {
        "_id": "6697f347d52ae4001397daf2",
        "firstName": "Naveen",
        "lastName": "Automation",
        "birthdate": "1970-01-01",
        "email": "jdoe@fake.com",
        "phone": "8005555555",
        "street1": "1 Main St.",
        "street2": "Apartment A",
        "city": "Anytown",
        "stateProvince": "KS",
        "postalCode": "12345",
        "country": "USA",
        "owner": "64871a66f6d13c00137cb31a",
        "__v": 0
    },
    {
        "_id": "6697f393d52ae4001397daf4",
        "firstName": "Naveen",
        "lastName": "Automation",
        "birthdate": "1970-01-01",
        "email": "jdoe@fake.com",
        "phone": "8005555555",
        "street1": "1 Main St.",
        "street2": "Apartment A",
        "city": "Anytown",
        "stateProvince": "KS",
        "postalCode": "12345",
        "country": "USA",
        "owner": "64871a66f6d13c00137cb31a",
        "__v": 0
    },
    {
        "_id": "6697f7c23155840013ce96be",
        "firstName": "Naveen",
        "lastName": "Automation",
        "birthdate": "1970-01-01",
        "email": "haley_batz@gmail.com",
        "phone": "8005555555",
        "street1": "1 Main St.",
        "street2": "Apartment A",
        "city": "Anytown",
        "stateProvince": "KS",
        "postalCode": "12345",
        "country": "USA",
        "owner": "64871a66f6d13c00137cb31a",
        "__v": 0
    },
    {
        "_id": "6698d468e4d2cf00134c078a",
        "firstName": "Naveen",
        "lastName": "Automation",
        "birthdate": "1970-01-01",
        "email": "jdoe@fake.com",
        "phone": "8005555555",
        "street1": "1 Main St.",
        "street2": "Apartment A",
        "city": "Anytown",
        "stateProvince": "KS",
        "postalCode": "12345",
        "country": "USA",
        "owner": "64871a66f6d13c00137cb31a",
        "__v": 0
    },
    {
        "_id": "6698d7dae4d2cf00134c079a",
        "firstName": "Naveen",
        "lastName": "Automation",
        "birthdate": "1970-01-01",
        "email": "jdoe@fake.com",
        "phone": "8005555555",
        "street1": "1 Main St.",
        "street2": "Apartment A",
        "city": "Anytown",
        "stateProvince": "KS",
        "postalCode": "12345",
        "country": "USA",
        "owner": "64871a66f6d13c00137cb31a",
        "__v": 0
    },
    {
        "_id": "6698d811e4d2cf00134c079d",
        "firstName": "Naveen",
        "lastName": "Automation",
        "birthdate": "1970-01-01",
        "email": "jdoe@fake.com",
        "phone": "8005555555",
        "street1": "1 Main St.",
        "street2": "Apartment A",
        "city": "Anytown",
        "stateProvince": "KS",
        "postalCode": "12345",
        "country": "USA",
        "owner": "64871a66f6d13c00137cb31a",
        "__v": 0
    },
    {
        "_id": "6698d817e4d2cf00134c079e",
        "firstName": "Naveen",
        "lastName": "Automation",
        "birthdate": "1970-01-01",
        "email": "jdoe@fake.com",
        "phone": "8005555555",
        "street1": "1 Main St.",
        "street2": "Apartment A",
        "city": "Anytown",
        "stateProvince": "KS",
        "postalCode": "12345",
        "country": "USA",
        "owner": "64871a66f6d13c00137cb31a",
        "__v": 0
    },
    {
        "_id": "6698d828e4d2cf00134c079f",
        "firstName": "Naveen",
        "lastName": "Automation",
        "birthdate": "1970-01-01",
        "email": "jdoe@fake.com",
        "phone": "8005555555",
        "street1": "1 Main St.",
        "street2": "Apartment A",
        "city": "Anytown",
        "stateProvince": "KS",
        "postalCode": "12345",
        "country": "USA",
        "owner": "64871a66f6d13c00137cb31a",
        "__v": 0
    },
    {
        "_id": "6698d8b779e6ea0013b2993b",
        "firstName": "Naveen",
        "lastName": "Automation",
        "birthdate": "1970-01-01",
        "email": "jdoe@fake.com",
        "phone": "8005555555",
        "street1": "1 Main St.",
        "street2": "Apartment A",
        "city": "Anytown",
        "stateProvince": "KS",
        "postalCode": "12345",
        "country": "USA",
        "owner": "64871a66f6d13c00137cb31a",
        "__v": 0
    },
    {
        "_id": "66ad10e7aa3ea00013dd5f0b",
        "firstName": "Naveen",
        "lastName": "Automation",
        "birthdate": "1970-01-01",
        "email": "jdoe@fake.com",
        "phone": "8005555555",
        "street1": "1 Main St.",
        "street2": "Apartment A",
        "city": "Anytown",
        "stateProvince": "KS",
        "postalCode": "12345",
        "country": "USA",
        "owner": "64871a66f6d13c00137cb31a",
        "__v": 0
    },
    {
        "_id": "66ad14faaa3ea00013dd5f0f",
        "firstName": "Naveen",
        "lastName": "Automation",
        "birthdate": "1970-01-01",
        "email": "jdoe@fake.com",
        "phone": "8005555555",
        "street1": "1 Main St.",
        "street2": "Apartment A",
        "city": "Anytown",
        "stateProvince": "KS",
        "postalCode": "12345",
        "country": "USA",
        "owner": "64871a66f6d13c00137cb31a",
        "__v": 0
    },
    {
        "_id": "66ad1531d01280001397a620",
        "firstName": "Naveen",
        "lastName": "Automation",
        "birthdate": "1970-01-01",
        "email": "jdoe@fake.com",
        "phone": "8005555555",
        "street1": "1 Main St.",
        "street2": "Apartment A",
        "city": "Anytown",
        "stateProvince": "KS",
        "postalCode": "12345",
        "country": "USA",
        "owner": "64871a66f6d13c00137cb31a",
        "__v": 0
    },
    {
        "_id": "66ad15c3aa3ea00013dd5f12",
        "firstName": "Naveen",
        "lastName": "Automation",
        "birthdate": "1970-01-01",
        "email": "jdoe@fake.com",
        "phone": "8005555555",
        "street1": "1 Main St.",
        "street2": "Apartment A",
        "city": "Anytown",
        "stateProvince": "KS",
        "postalCode": "12345",
        "country": "USA",
        "owner": "64871a66f6d13c00137cb31a",
        "__v": 0
    },
    {
        "_id": "66af9d8320675900139bcb42",
        "firstName": "Naveen",
        "lastName": "Automation",
        "birthdate": "1970-01-01",
        "email": "jdoe@fake.com",
        "phone": "8005555555",
        "street1": null,
        "street2": null,
        "city": null,
        "stateProvince": null,
        "postalCode": null,
        "country": null,
        "owner": "64871a66f6d13c00137cb31a",
        "__v": 0
    },
    {
        "_id": "66b0dd464fa13b0013036940",
        "firstName": "Naveen",
        "lastName": "Automation",
        "birthdate": "1970-01-07",
        "email": "jdoe@fake.com",
        "phone": "8005555555",
        "street1": "1 Main St.",
        "street2": "Apartment A",
        "city": "Anytown",
        "stateProvince": "KS",
        "postalCode": "12345",
        "country": "USA",
        "owner": "64871a66f6d13c00137cb31a",
        "__v": 0
    },
    {
        "_id": "66b1431e8c0a3d00137feb45",
        "firstName": "Naveen",
        "lastName": "Automation",
        "birthdate": "1970-01-01",
        "email": "jdoe@fake.com",
        "phone": "8005555555",
        "street1": "1 Main St.",
        "street2": "Apartment A",
        "city": "Anytown",
        "stateProvince": "KS",
        "postalCode": "12345",
        "country": "USA",
        "owner": "64871a66f6d13c00137cb31a",
        "__v": 0
    },
    {
        "_id": "66dc8c88eef53f0013a442e1",
        "firstName": "Naveen",
        "lastName": "Automation",
        "birthdate": "1970-01-01",
        "email": "jdoe@fake.com",
        "phone": "8005555555",
        "street1": "1 Main St.",
        "street2": "Apartment A",
        "city": "Anytown",
        "stateProvince": "KS",
        "postalCode": "12345",
        "country": "USA",
        "owner": "64871a66f6d13c00137cb31a",
        "__v": 0
    },
    {
        "_id": "66dc8f47eef53f0013a442e3",
        "firstName": "Naveen",
        "lastName": "Automation",
        "birthdate": "1970-01-01",
        "email": "jdoe@fake.com",
        "phone": "8005555555",
        "street1": "1 Main St.",
        "street2": "Apartment A",
        "city": "Anytown",
        "stateProvince": "KS",
        "postalCode": "12345",
        "country": "USA",
        "owner": "64871a66f6d13c00137cb31a",
        "__v": 0
    },
    {
        "_id": "66dc95fafbe75a0013aa110c",
        "firstName": "Naveen",
        "lastName": "Automation",
        "birthdate": "1970-01-01",
        "email": "jdoe@fake.com",
        "phone": "8005555555",
        "street1": "1 Main St.",
        "street2": "Apartment A",
        "city": "Anytown",
        "stateProvince": "KS",
        "postalCode": "12345",
        "country": "USA",
        "owner": "64871a66f6d13c00137cb31a",
        "__v": 0
    },
    {
        "_id": "66eadb4791faa70013e31f3d",
        "firstName": "Naveen",
        "lastName": "Automation",
        "birthdate": "1970-01-01",
        "email": "jdoe@fake.com",
        "phone": "8005555555",
        "street1": "1 Main St.",
        "street2": "Apartment A",
        "city": "Anytown",
        "stateProvince": "KS",
        "postalCode": "12345",
        "country": "USA",
        "owner": "64871a66f6d13c00137cb31a",
        "__v": 0
    },
    {
        "_id": "66eadc3791faa70013e31f4a",
        "firstName": "Naveen",
        "lastName": "Automation",
        "email": "jdoe@fake.com",
        "owner": "64871a66f6d13c00137cb31a",
        "__v": 0
    },
    {
        "_id": "66af8be620675900139bcb0b",
        "firstName": "Naveen Kumar",
        "lastName": "Automation",
        "birthdate": "1970-01-01",
        "email": "jdoe@fake.com",
        "phone": "8005555555",
        "street1": "1 Main St.",
        "street2": "Apartment A",
        "city": "Anytown",
        "stateProvince": "KS",
        "postalCode": "12345",
        "country": "USA",
        "owner": "64871a66f6d13c00137cb31a",
        "__v": 0
    },
    {
        "_id": "66af8d141e92ed00137acc99",
        "firstName": "Naveen Kumar",
        "lastName": "Automation",
        "birthdate": "1970-01-01",
        "email": "jdoe@fake.com",
        "phone": "8005555555",
        "street1": "1 Main St.",
        "street2": "Apartment A",
        "city": "Anytown",
        "stateProvince": "KS",
        "postalCode": "12345",
        "country": "USA",
        "owner": "64871a66f6d13c00137cb31a",
        "__v": 0
    },
    {
        "_id": "66af98251e92ed00137accb0",
        "firstName": "Naveen Kumar",
        "lastName": "Automation",
        "birthdate": "1970-01-01",
        "email": "jdoe@fake.com",
        "phone": "8005555555",
        "street1": "1 Main St.",
        "street2": "Apartment A",
        "city": "Anytown",
        "stateProvince": "KS",
        "postalCode": "12345",
        "country": "USA",
        "owner": "64871a66f6d13c00137cb31a",
        "__v": 0
    },
    {
        "_id": "66af98a420675900139bcb2e",
        "firstName": "Naveen Kumar",
        "lastName": "Automation",
        "birthdate": "1970-01-01",
        "email": "jdoe@fake.com",
        "phone": "8005555555",
        "street1": "1 Main St.",
        "street2": "Apartment A",
        "city": "Anytown",
        "stateProvince": "KS",
        "postalCode": "12345",
        "country": "USA",
        "owner": "64871a66f6d13c00137cb31a",
        "__v": 0
    },
    {
        "_id": "66af993020675900139bcb32",
        "firstName": "Naveen Kumar",
        "lastName": "Automation",
        "birthdate": "1970-01-01",
        "email": "jdoe@fake.com",
        "phone": "8005555555",
        "street1": "1 Main St.",
        "street2": "Apartment A",
        "city": "Anytown",
        "stateProvince": "KS",
        "postalCode": "12345",
        "country": "USA",
        "owner": "64871a66f6d13c00137cb31a",
        "__v": 0
    },
    {
        "_id": "66af9a551e92ed00137accbd",
        "firstName": "Naveen Kumar",
        "lastName": "Automation",
        "birthdate": "1970-01-01",
        "email": "jdoe@fake.com",
        "phone": "8005555555",
        "street1": "1 Main St.",
        "street2": "Apartment A",
        "city": "Anytown",
        "stateProvince": "KS",
        "postalCode": "12345",
        "country": "USA",
        "owner": "64871a66f6d13c00137cb31a",
        "__v": 0
    },
    {
        "_id": "66af9bfc20675900139bcb3b",
        "firstName": "Naveen Kumar",
        "lastName": "Automation",
        "birthdate": "1970-01-01",
        "email": "jdoe@fake.com",
        "phone": "8005555555",
        "street1": "1 Main St.",
        "street2": "Apartment A",
        "city": "Anytown",
        "stateProvince": "KS",
        "postalCode": "12345",
        "country": "USA",
        "owner": "64871a66f6d13c00137cb31a",
        "__v": 0
    },
    {
        "_id": "66af9c431e92ed00137accc2",
        "firstName": "Naveen Kumar",
        "lastName": "Automation",
        "birthdate": "1970-01-01",
        "email": "jdoe@fake.com",
        "phone": "8005555555",
        "street1": "1 Main St.",
        "street2": "Apartment A",
        "city": "Anytown",
        "stateProvince": "KS",
        "postalCode": "12345",
        "country": "USA",
        "owner": "64871a66f6d13c00137cb31a",
        "__v": 0
    },
    {
        "_id": "66af9ca81e92ed00137accc5",
        "firstName": "Naveen Kumar",
        "lastName": "Automation",
        "birthdate": "1970-01-01",
        "email": "jdoe@fake.com",
        "phone": "8005555555",
        "street1": "1 Main St.",
        "street2": "Apartment A",
        "city": "Anytown",
        "stateProvince": "KS",
        "postalCode": "12345",
        "country": "USA",
        "owner": "64871a66f6d13c00137cb31a",
        "__v": 0
    },
    {
        "_id": "66af9cf71e92ed00137accc8",
        "firstName": "Naveen Kumar",
        "lastName": "Automation",
        "birthdate": "1970-01-01",
        "email": "jdoe@fake.com",
        "phone": "8005555555",
        "street1": "1 Main St.",
        "street2": "Apartment A",
        "city": "Anytown",
        "stateProvince": "KS",
        "postalCode": "12345",
        "country": "USA",
        "owner": "64871a66f6d13c00137cb31a",
        "__v": 0
    },
    {
        "_id": "66af9e0120675900139bcb47",
        "firstName": "Pankaj Mishra",
        "lastName": "Automation",
        "birthdate": "1970-01-01",
        "email": "jdoe@fake.com",
        "phone": "8005555555",
        "street1": null,
        "street2": null,
        "city": null,
        "stateProvince": null,
        "country": null,
        "owner": "64871a66f6d13c00137cb31a",
        "__v": 0
    },
    {
        "_id": "66b0ddbc31d2580013d1b057",
        "firstName": "Priya",
        "lastName": "Lakhiya",
        "birthdate": "1999-01-01",
        "email": "jdoe@fake.com",
        "phone": "8005555555",
        "street1": "1 Main St.",
        "street2": "Apartment A",
        "city": "Anytown",
        "stateProvince": "KS",
        "postalCode": "12345",
        "country": "USA",
        "owner": "64871a66f6d13c00137cb31a",
        "__v": 0
    },
    {
        "_id": "66b0e0724fa13b001303694b",
        "firstName": "Priya",
        "lastName": "Lakhiya",
        "birthdate": "1999-01-01",
        "email": "jdoe@fake.com",
        "phone": "8005555555",
        "street1": "1 Main St.",
        "street2": "Apartment A",
        "city": "Anytown",
        "stateProvince": "KS",
        "postalCode": "12345",
        "country": "USA",
        "owner": "64871a66f6d13c00137cb31a",
        "__v": 0
    },
    {
        "_id": "66ebe80c4bde0b0013a6756b",
        "firstName": "Amy",
        "lastName": "Miller",
        "birthdate": "1992-02-02",
        "email": "amiller@fake.com",
        "phone": "8005554242",
        "street1": "13 School St.",
        "street2": "Apt. 5",
        "city": "Washington",
        "stateProvince": "QC",
        "postalCode": "A1A1A1",
        "country": "Canada",
        "owner": "64871a66f6d13c00137cb31a",
        "__v": 0
    },
    {
        "_id": "66ebe8b34bde0b0013a6758c",
        "firstName": "Amy",
        "lastName": "Miller",
        "birthdate": "1992-02-02",
        "email": "amiller@fake.com",
        "phone": "8005554242",
        "street1": "13 School St.",
        "street2": "Apt. 5",
        "city": "Washington",
        "stateProvince": "QC",
        "postalCode": "A1A1A1",
        "country": "Canada",
        "owner": "64871a66f6d13c00137cb31a",
        "__v": 0
    },
    {
        "_id": "66ebe8e74bde0b0013a6758d",
        "firstName": "Amy",
        "lastName": "Miller",
        "birthdate": "1992-02-02",
        "email": "amiller@fake.com",
        "phone": "8005554242",
        "street1": "13 School St.",
        "street2": "Apt. 5",
        "city": "Washington",
        "stateProvince": "QC",
        "postalCode": "A1A1A1",
        "country": "Canada",
        "owner": "64871a66f6d13c00137cb31a",
        "__v": 0
    },
    {
        "_id": "6717fe22b642e30013d7aef5",
        "firstName": "Amy",
        "lastName": "Miller",
        "birthdate": "1992-02-02",
        "email": "amiller@fake.com",
        "phone": "8005554242",
        "street1": "13 School St.",
        "street2": "Apt. 5",
        "city": "Washington",
        "stateProvince": "QC",
        "postalCode": "A1A1A1",
        "country": "Canada",
        "owner": "64871a66f6d13c00137cb31a",
        "__v": 0
    },
    {
        "_id": "671828adb642e30013d7afb7",
        "firstName": "Amy",
        "lastName": "Miller",
        "birthdate": "1992-02-02",
        "email": "amiller@fake.com",
        "phone": "8005554242",
        "street1": "13 School St.",
        "street2": "Apt. 5",
        "city": "Washington",
        "stateProvince": "QC",
        "postalCode": "A1A1A1",
        "country": "Canada",
        "owner": "64871a66f6d13c00137cb31a",
        "__v": 0
    },
    {
        "_id": "66d17f564892ad00136c3b85",
        "firstName": "simi",
        "lastName": "QA",
        "birthdate": "1990-01-01",
        "email": "jdoe@fake.com",
        "phone": "8005555555",
        "street1": null,
        "street2": null,
        "city": null,
        "stateProvince": null,
        "postalCode": null,
        "country": null,
        "owner": "64871a66f6d13c00137cb31a",
        "__v": 0
    },
    {
        "_id": "66b1c509cc64e300134e88a0",
        "firstName": "joy",
        "lastName": "ful",
        "email": "joy@gmail.com",
        "phone": "9898989898",
        "owner": "64871a66f6d13c00137cb31a",
        "__v": 0
    },
    {
        "_id": "6697e8763155840013ce966c",
        "firstName": "tom",
        "lastName": "peter",
        "owner": "64871a66f6d13c00137cb31a",
        "__v": 0
    },
    {
        "_id": "66eade7c9a2b8f0013cce574",
        "firstName": "rama",
        "lastName": "rao",
        "email": "ram@gmail.com",
        "owner": "64871a66f6d13c00137cb31a",
        "__v": 0
    },
    {
        "_id": "66eadf1e9a2b8f0013cce575",
        "firstName": "rama",
        "lastName": "rao",
        "email": "ram@gmail.com",
        "owner": "64871a66f6d13c00137cb31a",
        "__v": 0
    },
    {
        "_id": "66eadf3e91faa70013e31f5a",
        "firstName": "rama",
        "lastName": "rao",
        "email": "ram@gmail.com",
        "owner": "64871a66f6d13c00137cb31a",
        "__v": 0
    },
    {
        "_id": "66eadf7991faa70013e31f5d",
        "firstName": "rama",
        "lastName": "rao",
        "email": "ram@gmail.com",
        "owner": "64871a66f6d13c00137cb31a",
        "__v": 0
    },
    {
        "_id": "66eae0049a2b8f0013cce57a",
        "firstName": "rama",
        "lastName": "rao",
        "email": "ram@gmail.com",
        "owner": "64871a66f6d13c00137cb31a",
        "__v": 0
    },
    {
        "_id": "66eae01c91faa70013e31f62",
        "firstName": "rama",
        "lastName": "rao",
        "email": "api1726668824101@opencart.com",
        "owner": "64871a66f6d13c00137cb31a",
        "__v": 0
    },
    {
        "_id": "66eae02c91faa70013e31f63",
        "firstName": "rama",
        "lastName": "rao",
        "email": "api1726668839756@opencart.com",
        "owner": "64871a66f6d13c00137cb31a",
        "__v": 0
    },
    {
        "_id": "66eae2c49a2b8f0013cce58e",
        "firstName": "rama",
        "lastName": "rao",
        "email": "api1726669503100@opencart.com",
        "owner": "64871a66f6d13c00137cb31a",
        "__v": 0
    },
    {
        "_id": "66eae3499a2b8f0013cce591",
        "firstName": "rama",
        "lastName": "rao",
        "email": "api1726669639692@opencart.com",
        "owner": "64871a66f6d13c00137cb31a",
        "__v": 0
    },
    {
        "_id": "66eae2139a2b8f0013cce581",
        "firstName": "sarada",
        "lastName": "rao",
        "email": "api1726669327354@opencart.com",
        "owner": "64871a66f6d13c00137cb31a",
        "__v": 0
    },
    {
        "_id": "66eae29691faa70013e31f68",
        "firstName": "sarada",
        "lastName": "rao",
        "email": "api1726669458369@opencart.com",
        "owner": "64871a66f6d13c00137cb31a",
        "__v": 0
    },
    {
        "_id": "66eae2f69a2b8f0013cce58f",
        "firstName": "sarada",
        "lastName": "rao",
        "email": "api1726669554321@opencart.com",
        "owner": "64871a66f6d13c00137cb31a",
        "__v": 0
    },
    {
        "_id": "66eae3199a2b8f0013cce590",
        "firstName": "sarada",
        "lastName": "rao",
        "email": "api1726669587520@opencart.com",
        "owner": "64871a66f6d13c00137cb31a",
        "__v": 0
    },
    {
        "_id": "66eae34691faa70013e31f6a",
        "firstName": "sarada",
        "lastName": "rao",
        "email": "api1726669633939@opencart.com",
        "owner": "64871a66f6d13c00137cb31a",
        "__v": 0
    },
    {
        "_id": "66eae58c91faa70013e31f79",
        "firstName": "sarada",
        "lastName": "rao",
        "email": "api1726670215328@opencart.com",
        "owner": "64871a66f6d13c00137cb31a",
        "__v": 0
    },
    {
        "_id": "66eae5af91faa70013e31f7a",
        "firstName": "sarada",
        "lastName": "rao",
        "email": "api1726670250836@opencart.com",
        "owner": "64871a66f6d13c00137cb31a",
        "__v": 0
    },
    {
        "_id": "66993dde79e6ea0013b29b00",
        "firstName": "sasas",
        "lastName": "sasasa",
        "owner": "64871a66f6d13c00137cb31a",
        "__v": 0
    },
    {
        "_id": "6697e7133155840013ce9665",
        "firstName": "Anna",
        "lastName": "sharma",
        "birthdate": "1990-12-15",
        "email": "kavya@gmail.com",
        "phone": "9999999999",
        "owner": "64871a66f6d13c00137cb31a",
        "__v": 0,
        "city": null,
        "country": null,
        "stateProvince": null,
        "street1": null,
        "street2": null
    }
]
getContactsTest passed!
]]></system-out>
  </testcase>
  <testcase name="getProductsAPILimitTest" classname="com.qa.products.api.tests.ProductAPITest" time="0.747">
    <system-out><![CDATA[Test Suite is ending!
Test Suite started!
getProductsAPILimitTest started!
Auth is not required....
HTTP/1.1 200 OK
Date: Wed, 06 Nov 2024 13:29:28 GMT
Content-Type: application/json; charset=utf-8
Transfer-Encoding: chunked
Connection: keep-alive
access-control-allow-origin: *
etag: W/"901-RZCdFEZQ+j7q2G9bMJOMuLfz40Y"
x-powered-by: Express
cf-cache-status: DYNAMIC
Report-To: {"endpoints":[{"url":"https:\/\/a.nel.cloudflare.com\/report\/v4?s=rktj6tgOruncpVbsf%2FAIOjvYBRwRS0xtSBBn9O7Q1zdAGE%2F38z3pna1DeQR4mzHXl4XYoOnx1LnPZReNtNWChpwaimvZHqp2D9D3J1fhv3DkP%2BB7h9jmYDkKwwMvKRf6zVUN"}],"group":"cf-nel","max_age":604800}
NEL: {"success_fraction":0,"report_to":"cf-nel","max_age":604800}
Server: cloudflare
CF-RAY: 8de56ebc5e133cd0-BOM
Content-Encoding: gzip
alt-svc: h3=":443"; ma=86400
server-timing: cfL4;desc="?proto=TCP&rtt=42628&sent=5&recv=6&lost=0&retrans=0&sent_bytes=3125&recv_bytes=888&delivery_rate=62882&cwnd=252&unsent_bytes=0&cid=fbb72101dd7dac1d&ts=532&x=0"

[
    {
        "id": 1,
        "title": "Fjallraven - Foldsack No. 1 Backpack, Fits 15 Laptops",
        "price": 109.95,
        "description": "Your perfect pack for everyday use and walks in the forest. Stash your laptop (up to 15 inches) in the padded sleeve, your everyday",
        "category": "men's clothing",
        "image": "https://fakestoreapi.com/img/81fPKd-2AYL._AC_SL1500_.jpg",
        "rating": {
            "rate": 3.9,
            "count": 120
        }
    },
    {
        "id": 2,
        "title": "Mens Casual Premium Slim Fit T-Shirts ",
        "price": 22.3,
        "description": "Slim-fitting style, contrast raglan long sleeve, three-button henley placket, light weight & soft fabric for breathable and comfortable wearing. And Solid stitched shirts with round neck made for durability and a great fit for casual fashion wear and diehard baseball fans. The Henley style round neckline includes a three-button placket.",
        "category": "men's clothing",
        "image": "https://fakestoreapi.com/img/71-3HjGNDUL._AC_SY879._SX._UX._SY._UY_.jpg",
        "rating": {
            "rate": 4.1,
            "count": 259
        }
    },
    {
        "id": 3,
        "title": "Mens Cotton Jacket",
        "price": 55.99,
        "description": "great outerwear jackets for Spring/Autumn/Winter, suitable for many occasions, such as working, hiking, camping, mountain/rock climbing, cycling, traveling or other outdoors. Good gift choice for you or your family member. A warm hearted love to Father, husband or son in this thanksgiving or Christmas Day.",
        "category": "men's clothing",
        "image": "https://fakestoreapi.com/img/71li-ujtlUL._AC_UX679_.jpg",
        "rating": {
            "rate": 4.7,
            "count": 500
        }
    },
    {
        "id": 4,
        "title": "Mens Casual Slim Fit",
        "price": 15.99,
        "description": "The color could be slightly different between on the screen and in practice. / Please note that body builds vary by person, therefore, detailed size information should be reviewed below on the product description.",
        "category": "men's clothing",
        "image": "https://fakestoreapi.com/img/71YXzeOuslL._AC_UY879_.jpg",
        "rating": {
            "rate": 2.1,
            "count": 430
        }
    },
    {
        "id": 5,
        "title": "John Hardy Women's Legends Naga Gold & Silver Dragon Station Chain Bracelet",
        "price": 695,
        "description": "From our Legends Collection, the Naga was inspired by the mythical water dragon that protects the ocean's pearl. Wear facing inward to be bestowed with love and abundance, or outward for protection.",
        "category": "jewelery",
        "image": "https://fakestoreapi.com/img/71pWzhdJNwL._AC_UL640_QL65_ML3_.jpg",
        "rating": {
            "rate": 4.6,
            "count": 400
        }
    }
]
[
    {
        "id": 1,
        "title": "Fjallraven - Foldsack No. 1 Backpack, Fits 15 Laptops",
        "price": 109.95,
        "description": "Your perfect pack for everyday use and walks in the forest. Stash your laptop (up to 15 inches) in the padded sleeve, your everyday",
        "category": "men's clothing",
        "image": "https://fakestoreapi.com/img/81fPKd-2AYL._AC_SL1500_.jpg",
        "rating": {
            "rate": 3.9,
            "count": 120
        }
    },
    {
        "id": 2,
        "title": "Mens Casual Premium Slim Fit T-Shirts ",
        "price": 22.3,
        "description": "Slim-fitting style, contrast raglan long sleeve, three-button henley placket, light weight & soft fabric for breathable and comfortable wearing. And Solid stitched shirts with round neck made for durability and a great fit for casual fashion wear and diehard baseball fans. The Henley style round neckline includes a three-button placket.",
        "category": "men's clothing",
        "image": "https://fakestoreapi.com/img/71-3HjGNDUL._AC_SY879._SX._UX._SY._UY_.jpg",
        "rating": {
            "rate": 4.1,
            "count": 259
        }
    },
    {
        "id": 3,
        "title": "Mens Cotton Jacket",
        "price": 55.99,
        "description": "great outerwear jackets for Spring/Autumn/Winter, suitable for many occasions, such as working, hiking, camping, mountain/rock climbing, cycling, traveling or other outdoors. Good gift choice for you or your family member. A warm hearted love to Father, husband or son in this thanksgiving or Christmas Day.",
        "category": "men's clothing",
        "image": "https://fakestoreapi.com/img/71li-ujtlUL._AC_UX679_.jpg",
        "rating": {
            "rate": 4.7,
            "count": 500
        }
    },
    {
        "id": 4,
        "title": "Mens Casual Slim Fit",
        "price": 15.99,
        "description": "The color could be slightly different between on the screen and in practice. / Please note that body builds vary by person, therefore, detailed size information should be reviewed below on the product description.",
        "category": "men's clothing",
        "image": "https://fakestoreapi.com/img/71YXzeOuslL._AC_UY879_.jpg",
        "rating": {
            "rate": 2.1,
            "count": 430
        }
    },
    {
        "id": 5,
        "title": "John Hardy Women's Legends Naga Gold & Silver Dragon Station Chain Bracelet",
        "price": 695,
        "description": "From our Legends Collection, the Naga was inspired by the mythical water dragon that protects the ocean's pearl. Wear facing inward to be bestowed with love and abundance, or outward for protection.",
        "category": "jewelery",
        "image": "https://fakestoreapi.com/img/71pWzhdJNwL._AC_UL640_QL65_ML3_.jpg",
        "rating": {
            "rate": 4.6,
            "count": 400
        }
    }
]
getProductsAPILimitTest passed!
]]></system-out>
  </testcase>
  <testcase name="getProductsAPITest" classname="com.qa.products.api.tests.ProductAPITest" time="0.883">
    <system-out><![CDATA[getProductsAPITest started!
Auth is not required....
HTTP/1.1 200 OK
Date: Wed, 06 Nov 2024 13:29:28 GMT
Content-Type: application/json; charset=utf-8
Transfer-Encoding: chunked
Connection: keep-alive
access-control-allow-origin: *
etag: W/"297c-h+n6NsR3M51S6528jZo3BluzvtU"
x-powered-by: Express
cf-cache-status: DYNAMIC
Report-To: {"endpoints":[{"url":"https:\/\/a.nel.cloudflare.com\/report\/v4?s=0OWczMEPmz3OP6M4b8N8VUyMz8yVsr6v5E7IqZyKkcJLl9ZgoBivU%2FjBWwyzE9MoU1ggIcKoDynzst5ovBEIykQgyT%2BwdmFcLolq9YhkjQGOH4P%2BUF5Ma9vqxd%2BFv%2Byv66jn"}],"group":"cf-nel","max_age":604800}
NEL: {"success_fraction":0,"report_to":"cf-nel","max_age":604800}
Server: cloudflare
CF-RAY: 8de56ec11be94019-BOM
Content-Encoding: gzip
alt-svc: h3=":443"; ma=86400
server-timing: cfL4;desc="?proto=TCP&rtt=39293&sent=5&recv=6&lost=0&retrans=0&sent_bytes=3126&recv_bytes=880&delivery_rate=111373&cwnd=252&unsent_bytes=0&cid=76db1fc5522fe1bd&ts=489&x=0"

[
    {
        "id": 1,
        "title": "Fjallraven - Foldsack No. 1 Backpack, Fits 15 Laptops",
        "price": 109.95,
        "description": "Your perfect pack for everyday use and walks in the forest. Stash your laptop (up to 15 inches) in the padded sleeve, your everyday",
        "category": "men's clothing",
        "image": "https://fakestoreapi.com/img/81fPKd-2AYL._AC_SL1500_.jpg",
        "rating": {
            "rate": 3.9,
            "count": 120
        }
    },
    {
        "id": 2,
        "title": "Mens Casual Premium Slim Fit T-Shirts ",
        "price": 22.3,
[...]
        "category": "electronics",
        "image": "https://fakestoreapi.com/img/71kWymZ+c+L._AC_SX679_.jpg",
        "rating": {
            "rate": 4.8,
            "count": 319
        }
    },
    {
        "id": 12,
        "title": "WD 4TB Gaming Drive Works with Playstation 4 Portable External Hard Drive",
        "price": 114,
        "description": "Expand your PS4 gaming experience, Play anywhere Fast and easy, setup Sleek design with high capacity, 3-year manufacturer's limited warranty",
        "category": "electronics",
        "image": "https://fakestoreapi.com/img/61mtL65D4cL._AC_SX679_.jpg",
        "rating": {
            "rate": 4.8,
            "count": 400
        }
    },
    {
        "id": 13,
        "title": "Acer SB220Q bi 21.5 inches Full HD (1920 x 1080) IPS Ultra-Thin",
        "price": 599,
        "description": "21. 5 inches Full HD (1920 x 1080) widescreen IPS display And Radeon free Sync technology. No compatibility for VESA Mount Refresh Rate: 75Hz - Using HDMI port Zero-frame design | ultra-thin | 4ms response time | IPS panel Aspect ratio - 16: 9. Color Supported - 16. 7 million colors. Brightness - 250 nit Tilt angle -5 degree to 15 degree. Horizontal viewing angle-178 degree. Vertical viewing angle-178 degree 75 hertz",
        "category": "electronics",
        "image": "https://fakestoreapi.com/img/81QpkIctqPL._AC_SX679_.jpg",
        "rating": {
            "rate": 2.9,
            "count": 250
        }
    },
    {
        "id": 14,
        "title": "Samsung 49-Inch CHG90 144Hz Curved Gaming Monitor (LC49HG90DMNXZA) – Super Ultrawide Screen QLED ",
        "price": 999.99,
        "description": "49 INCH SUPER ULTRAWIDE 32:9 CURVED GAMING MONITOR with dual 27 inch screen side by side QUANTUM DOT (QLED) TECHNOLOGY, HDR support and factory calibration provides stunningly realistic and accurate color and contrast 144HZ HIGH REFRESH RATE and 1ms ultra fast response time work to eliminate motion blur, ghosting, and reduce input lag",
        "category": "electronics",
        "image": "https://fakestoreapi.com/img/81Zt42ioCgL._AC_SX679_.jpg",
        "rating": {
            "rate": 2.2,
            "count": 140
        }
    },
    {
        "id": 15,
        "title": "BIYLACLESEN Women's 3-in-1 Snowboard Jacket Winter Coats",
        "price": 56.99,
        "description": "Note:The Jackets is US standard size, Please choose size as your usual wear Material: 100% Polyester; Detachable Liner Fabric: Warm Fleece. Detachable Functional Liner: Skin Friendly, Lightweigt and Warm.Stand Collar Liner jacket, keep you warm in cold weather. Zippered Pockets: 2 Zippered Hand Pockets, 2 Zippered Pockets on Chest (enough to keep cards or keys)and 1 Hidden Pocket Inside.Zippered Hand Pockets and Hidden Pocket keep your things secure. Humanized Design: Adjustable and Detachable Hood and Adjustable cuff to prevent the wind and water,for a comfortable fit. 3 in 1 Detachable Design provide more convenience, you can separate the coat and inner as needed, or wear it together. It is suitable for different season and help you adapt to different climates",
        "category": "women's clothing",
        "image": "https://fakestoreapi.com/img/51Y5NI-I5jL._AC_UX679_.jpg",
        "rating": {
            "rate": 2.6,
            "count": 235
        }
    },
    {
        "id": 16,
        "title": "Lock and Love Women's Removable Hooded Faux Leather Moto Biker Jacket",
        "price": 29.95,
        "description": "100% POLYURETHANE(shell) 100% POLYESTER(lining) 75% POLYESTER 25% COTTON (SWEATER), Faux leather material for style and comfort / 2 pockets of front, 2-For-One Hooded denim style faux leather jacket, Button detail on waist / Detail stitching at sides, HAND WASH ONLY / DO NOT BLEACH / LINE DRY / DO NOT IRON",
        "category": "women's clothing",
        "image": "https://fakestoreapi.com/img/81XH0e8fefL._AC_UY879_.jpg",
        "rating": {
            "rate": 2.9,
            "count": 340
        }
    },
    {
        "id": 17,
        "title": "Rain Jacket Women Windbreaker Striped Climbing Raincoats",
        "price": 39.99,
        "description": "Lightweight perfet for trip or casual wear---Long sleeve with hooded, adjustable drawstring waist design. Button and zipper front closure raincoat, fully stripes Lined and The Raincoat has 2 side pockets are a good size to hold all kinds of things, it covers the hips, and the hood is generous but doesn't overdo it.Attached Cotton Lined Hood with Adjustable Drawstrings give it a real styled look.",
        "category": "women's clothing",
        "image": "https://fakestoreapi.com/img/71HblAHs5xL._AC_UY879_-2.jpg",
        "rating": {
            "rate": 3.8,
            "count": 679
        }
    },
    {
        "id": 18,
        "title": "MBJ Women's Solid Short Sleeve Boat Neck V ",
        "price": 9.85,
        "description": "95% RAYON 5% SPANDEX, Made in USA or Imported, Do Not Bleach, Lightweight fabric with great stretch for comfort, Ribbed on sleeves and neckline / Double stitching on bottom hem",
        "category": "women's clothing",
        "image": "https://fakestoreapi.com/img/71z3kpMAYsL._AC_UY879_.jpg",
        "rating": {
            "rate": 4.7,
            "count": 130
        }
    },
    {
        "id": 19,
        "title": "Opna Women's Short Sleeve Moisture",
        "price": 7.95,
        "description": "100% Polyester, Machine wash, 100% cationic polyester interlock, Machine Wash & Pre Shrunk for a Great Fit, Lightweight, roomy and highly breathable with moisture wicking fabric which helps to keep moisture away, Soft Lightweight Fabric with comfortable V-neck collar and a slimmer fit, delivers a sleek, more feminine silhouette and Added Comfort",
        "category": "women's clothing",
        "image": "https://fakestoreapi.com/img/51eg55uWmdL._AC_UX679_.jpg",
        "rating": {
            "rate": 4.5,
            "count": 146
        }
    },
    {
        "id": 20,
        "title": "DANVOUY Womens T Shirt Casual Cotton Short",
        "price": 12.99,
        "description": "95%Cotton,5%Spandex, Features: Casual, Short Sleeve, Letter Print,V-Neck,Fashion Tees, The fabric is soft and has some stretch., Occasion: Casual/Office/Beach/School/Home/Street. Season: Spring,Summer,Autumn,Winter.",
        "category": "women's clothing",
        "image": "https://fakestoreapi.com/img/61pHAEJ4NML._AC_UX679_.jpg",
        "rating": {
            "rate": 3.6,
            "count": 145
        }
    }
]
[
    {
        "id": 1,
        "title": "Fjallraven - Foldsack No. 1 Backpack, Fits 15 Laptops",
        "price": 109.95,
        "description": "Your perfect pack for everyday use and walks in the forest. Stash your laptop (up to 15 inches) in the padded sleeve, your everyday",
        "category": "men's clothing",
        "image": "https://fakestoreapi.com/img/81fPKd-2AYL._AC_SL1500_.jpg",
        "rating": {
            "rate": 3.9,
            "count": 120
        }
    },
    {
        "id": 2,
        "title": "Mens Casual Premium Slim Fit T-Shirts ",
        "price": 22.3,
        "description": "Slim-fitting style, contrast raglan long sleeve, three-button henley placket, light weight & soft fabric for breathable and comfortable wearing. And Solid stitched shirts with round neck made for durability and a great fit for casual fashion wear and diehard baseball fans. The Henley style round neckline includes a three-button placket.",
        "category": "men's clothing",
        "image": "https://fakestoreapi.com/img/71-3HjGNDUL._AC_SY879._SX._UX._SY._UY_.jpg",
        "rating": {
            "rate": 4.1,
            "count": 259
        }
    },
    {
        "id": 3,
        "title": "Mens Cotton Jacket",
        "price": 55.99,
        "description": "great outerwear jackets for Spring/Autumn/Winter, suitable for many occasions, such as working, hiking, camping, mountain/rock climbing, cycling, traveling or other outdoors. Good gift choice for you or your family member. A warm hearted love to Father, husband or son in this thanksgiving or Christmas Day.",
        "category": "men's clothing",
        "image": "https://fakestoreapi.com/img/71li-ujtlUL._AC_UX679_.jpg",
        "rating": {
            "rate": 4.7,
            "count": 500
        }
    },
    {
        "id": 4,
        "title": "Mens Casual Slim Fit",
        "price": 15.99,
        "description": "The color could be slightly different between on the screen and in practice. / Please note that body builds vary by person, therefore, detailed size information should be reviewed below on the product description.",
        "category": "men's clothing",
        "image": "https://fakestoreapi.com/img/71YXzeOuslL._AC_UY879_.jpg",
        "rating": {
            "rate": 2.1,
            "count": 430
        }
    },
    {
        "id": 5,
        "title": "John Hardy Women's Legends Naga Gold & Silver Dragon Station Chain Bracelet",
        "price": 695,
        "description": "From our Legends Collection, the Naga was inspired by the mythical water dragon that protects the ocean's pearl. Wear facing inward to be bestowed with love and abundance, or outward for protection.",
        "category": "jewelery",
        "image": "https://fakestoreapi.com/img/71pWzhdJNwL._AC_UL640_QL65_ML3_.jpg",
        "rating": {
            "rate": 4.6,
            "count": 400
        }
    },
    {
        "id": 6,
        "title": "Solid Gold Petite Micropave ",
        "price": 168,
        "description": "Satisfaction Guaranteed. Return or exchange any order within 30 days.Designed and sold by Hafeez Center in the United States. Satisfaction Guaranteed. Return or exchange any order within 30 days.",
        "category": "jewelery",
        "image": "https://fakestoreapi.com/img/61sbMiUnoGL._AC_UL640_QL65_ML3_.jpg",
        "rating": {
            "rate": 3.9,
            "count": 70
        }
    },
    {
        "id": 7,
        "title": "White Gold Plated Princess",
        "price": 9.99,
        "description": "Classic Created Wedding Engagement Solitaire Diamond Promise Ring for Her. Gifts to spoil your love more for Engagement, Wedding, Anniversary, Valentine's Day...",
        "category": "jewelery",
        "image": "https://fakestoreapi.com/img/71YAIFU48IL._AC_UL640_QL65_ML3_.jpg",
        "rating": {
            "rate": 3,
            "count": 400
        }
    },
    {
        "id": 8,
        "title": "Pierced Owl Rose Gold Plated Stainless Steel Double",
        "price": 10.99,
        "description": "Rose Gold Plated Double Flared Tunnel Plug Earrings. Made of 316L Stainless Steel",
        "category": "jewelery",
        "image": "https://fakestoreapi.com/img/51UDEzMJVpL._AC_UL640_QL65_ML3_.jpg",
        "rating": {
            "rate": 1.9,
            "count": 100
        }
    },
    {
        "id": 9,
        "title": "WD 2TB Elements Portable External Hard Drive - USB 3.0 ",
        "price": 64,
        "description": "USB 3.0 and USB 2.0 Compatibility Fast data transfers Improve PC Performance High Capacity; Compatibility Formatted NTFS for Windows 10, Windows 8.1, Windows 7; Reformatting may be required for other operating systems; Compatibility may vary depending on user’s hardware configuration and operating system",
        "category": "electronics",
        "image": "https://fakestoreapi.com/img/61IBBVJvSDL._AC_SY879_.jpg",
        "rating": {
            "rate": 3.3,
            "count": 203
        }
    },
    {
        "id": 10,
        "title": "SanDisk SSD PLUS 1TB Internal SSD - SATA III 6 Gb/s",
        "price": 109,
        "description": "Easy upgrade for faster boot up, shutdown, application load and response (As compared to 5400 RPM SATA 2.5” hard drive; Based on published specifications and internal benchmarking tests using PCMark vantage scores) Boosts burst write performance, making it ideal for typical PC workloads The perfect balance of performance and reliability Read/write speeds of up to 535MB/s/450MB/s (Based on internal testing; Performance may vary depending upon drive capacity, host device, OS and application.)",
        "category": "electronics",
        "image": "https://fakestoreapi.com/img/61U7T1koQqL._AC_SX679_.jpg",
        "rating": {
            "rate": 2.9,
            "count": 470
        }
    },
    {
        "id": 11,
        "title": "Silicon Power 256GB SSD 3D NAND A55 SLC Cache Performance Boost SATA III 2.5",
        "price": 109,
        "description": "3D NAND flash are applied to deliver high transfer speeds Remarkable transfer speeds that enable faster bootup and improved overall system performance. The advanced SLC Cache Technology allows performance boost and longer lifespan 7mm slim design suitable for Ultrabooks and Ultra-slim notebooks. Supports TRIM command, Garbage Collection technology, RAID, and ECC (Error Checking & Correction) to provide the optimized performance and enhanced reliability.",
        "category": "electronics",
        "image": "https://fakestoreapi.com/img/71kWymZ+c+L._AC_SX679_.jpg",
        "rating": {
            "rate": 4.8,
            "count": 319
        }
    },
    {
        "id": 12,
        "title": "WD 4TB Gaming Drive Works with Playstation 4 Portable External Hard Drive",
        "price": 114,
        "description": "Expand your PS4 gaming experience, Play anywhere Fast and easy, setup Sleek design with high capacity, 3-year manufacturer's limited warranty",
        "category": "electronics",
        "image": "https://fakestoreapi.com/img/61mtL65D4cL._AC_SX679_.jpg",
        "rating": {
            "rate": 4.8,
            "count": 400
        }
    },
    {
        "id": 13,
        "title": "Acer SB220Q bi 21.5 inches Full HD (1920 x 1080) IPS Ultra-Thin",
        "price": 599,
        "description": "21. 5 inches Full HD (1920 x 1080) widescreen IPS display And Radeon free Sync technology. No compatibility for VESA Mount Refresh Rate: 75Hz - Using HDMI port Zero-frame design | ultra-thin | 4ms response time | IPS panel Aspect ratio - 16: 9. Color Supported - 16. 7 million colors. Brightness - 250 nit Tilt angle -5 degree to 15 degree. Horizontal viewing angle-178 degree. Vertical viewing angle-178 degree 75 hertz",
        "category": "electronics",
        "image": "https://fakestoreapi.com/img/81QpkIctqPL._AC_SX679_.jpg",
        "rating": {
            "rate": 2.9,
            "count": 250
        }
    },
    {
        "id": 14,
        "title": "Samsung 49-Inch CHG90 144Hz Curved Gaming Monitor (LC49HG90DMNXZA) – Super Ultrawide Screen QLED ",
        "price": 999.99,
        "description": "49 INCH SUPER ULTRAWIDE 32:9 CURVED GAMING MONITOR with dual 27 inch screen side by side QUANTUM DOT (QLED) TECHNOLOGY, HDR support and factory calibration provides stunningly realistic and accurate color and contrast 144HZ HIGH REFRESH RATE and 1ms ultra fast response time work to eliminate motion blur, ghosting, and reduce input lag",
        "category": "electronics",
        "image": "https://fakestoreapi.com/img/81Zt42ioCgL._AC_SX679_.jpg",
        "rating": {
            "rate": 2.2,
            "count": 140
        }
    },
    {
        "id": 15,
        "title": "BIYLACLESEN Women's 3-in-1 Snowboard Jacket Winter Coats",
        "price": 56.99,
        "description": "Note:The Jackets is US standard size, Please choose size as your usual wear Material: 100% Polyester; Detachable Liner Fabric: Warm Fleece. Detachable Functional Liner: Skin Friendly, Lightweigt and Warm.Stand Collar Liner jacket, keep you warm in cold weather. Zippered Pockets: 2 Zippered Hand Pockets, 2 Zippered Pockets on Chest (enough to keep cards or keys)and 1 Hidden Pocket Inside.Zippered Hand Pockets and Hidden Pocket keep your things secure. Humanized Design: Adjustable and Detachable Hood and Adjustable cuff to prevent the wind and water,for a comfortable fit. 3 in 1 Detachable Design provide more convenience, you can separate the coat and inner as needed, or wear it together. It is suitable for different season and help you adapt to different climates",
        "category": "women's clothing",
        "image": "https://fakestoreapi.com/img/51Y5NI-I5jL._AC_UX679_.jpg",
        "rating": {
            "rate": 2.6,
            "count": 235
        }
    },
    {
        "id": 16,
        "title": "Lock and Love Women's Removable Hooded Faux Leather Moto Biker Jacket",
        "price": 29.95,
        "description": "100% POLYURETHANE(shell) 100% POLYESTER(lining) 75% POLYESTER 25% COTTON (SWEATER), Faux leather material for style and comfort / 2 pockets of front, 2-For-One Hooded denim style faux leather jacket, Button detail on waist / Detail stitching at sides, HAND WASH ONLY / DO NOT BLEACH / LINE DRY / DO NOT IRON",
        "category": "women's clothing",
        "image": "https://fakestoreapi.com/img/81XH0e8fefL._AC_UY879_.jpg",
        "rating": {
            "rate": 2.9,
            "count": 340
        }
    },
    {
        "id": 17,
        "title": "Rain Jacket Women Windbreaker Striped Climbing Raincoats",
        "price": 39.99,
        "description": "Lightweight perfet for trip or casual wear---Long sleeve with hooded, adjustable drawstring waist design. Button and zipper front closure raincoat, fully stripes Lined and The Raincoat has 2 side pockets are a good size to hold all kinds of things, it covers the hips, and the hood is generous but doesn't overdo it.Attached Cotton Lined Hood with Adjustable Drawstrings give it a real styled look.",
        "category": "women's clothing",
        "image": "https://fakestoreapi.com/img/71HblAHs5xL._AC_UY879_-2.jpg",
        "rating": {
            "rate": 3.8,
            "count": 679
        }
    },
    {
        "id": 18,
        "title": "MBJ Women's Solid Short Sleeve Boat Neck V ",
        "price": 9.85,
        "description": "95% RAYON 5% SPANDEX, Made in USA or Imported, Do Not Bleach, Lightweight fabric with great stretch for comfort, Ribbed on sleeves and neckline / Double stitching on bottom hem",
        "category": "women's clothing",
        "image": "https://fakestoreapi.com/img/71z3kpMAYsL._AC_UY879_.jpg",
        "rating": {
            "rate": 4.7,
            "count": 130
        }
    },
    {
        "id": 19,
        "title": "Opna Women's Short Sleeve Moisture",
        "price": 7.95,
        "description": "100% Polyester, Machine wash, 100% cationic polyester interlock, Machine Wash & Pre Shrunk for a Great Fit, Lightweight, roomy and highly breathable with moisture wicking fabric which helps to keep moisture away, Soft Lightweight Fabric with comfortable V-neck collar and a slimmer fit, delivers a sleek, more feminine silhouette and Added Comfort",
        "category": "women's clothing",
        "image": "https://fakestoreapi.com/img/51eg55uWmdL._AC_UX679_.jpg",
        "rating": {
            "rate": 4.5,
            "count": 146
        }
    },
    {
        "id": 20,
        "title": "DANVOUY Womens T Shirt Casual Cotton Short",
        "price": 12.99,
        "description": "95%Cotton,5%Spandex, Features: Casual, Short Sleeve, Letter Print,V-Neck,Fashion Tees, The fabric is soft and has some stretch., Occasion: Casual/Office/Beach/School/Home/Street. Season: Spring,Summer,Autumn,Winter.",
        "category": "women's clothing",
        "image": "https://fakestoreapi.com/img/61pHAEJ4NML._AC_UX679_.jpg",
        "rating": {
            "rate": 3.6,
            "count": 145
        }
    }
]
[109.95,55.99,695,168,64,109,109,114,599,999.99,56.99]
getProductTest passed!
]]></system-out>
  </testcase>
</testsuite>