<?xml version="1.0" encoding="UTF-8"?>
<!-- Generated by org.testng.reporters.JUnitXMLReporter -->
<testsuite ignored="1" hostname="LAPTOP-TM6K18J0" failures="0" tests="6" name="Create User Test" time="4.856" errors="0" timestamp="2024-11-06T18:59:23 IST">
  <testcase classname="com.qa.api.tests.CreateUserTest" name="createUserTest" time="0.486"/>
  <testcase classname="com.qa.api.tests.CreateUserTest" name="createUserTest" time="0.502"/>
  <testcase classname="com.qa.api.tests.CreateUserTest" name="createUserTest" time="0.392"/>
  <testcase classname="com.qa.api.tests.CreateUserTest" name="createUserTestWithBuilder" time="0.927"/>
  <testcase classname="com.qa.api.tests.CreateUserTest" name="createUserTestWithBuilder" time="1.383"/>
  <testcase classname="com.qa.api.tests.CreateUserTest" name="createUserTestWithBuilder" time="1.012"/>
  <testcase classname="com.qa.api.tests.CreateUserTest" name="createUserTestWithFile" time="0.0">
    <ignored/>
  </testcase> <!-- createUserTestWithFile -->
</testsuite> <!-- Create User Test -->
