<?xml version="1.0" encoding="UTF-8"?>
<!-- Generated by org.testng.reporters.JUnitXMLReporter -->
<testsuite ignored="1" hostname="LAPTOP-TM6K18J0" failures="0" tests="6" name="Create User Test" time="3.574" errors="0" timestamp="2024-11-12T01:04:30 IST">
  <testcase classname="com.qa.api.tests.CreateUserTest" name="createUserTest" time="0.304"/>
  <testcase classname="com.qa.api.tests.CreateUserTest" name="createUserTest" time="0.417"/>
  <testcase classname="com.qa.api.tests.CreateUserTest" name="createUserTest" time="0.407"/>
  <testcase classname="com.qa.api.tests.CreateUserTest" name="createUserTestWithBuilder" time="1.069"/>
  <testcase classname="com.qa.api.tests.CreateUserTest" name="createUserTestWithBuilder" time="0.713"/>
  <testcase classname="com.qa.api.tests.CreateUserTest" name="createUserTestWithBuilder" time="0.628"/>
  <testcase classname="com.qa.api.tests.CreateUserTest" name="createUserTestWithFile" time="0.0">
    <ignored/>
  </testcase> <!-- createUserTestWithFile -->
</testsuite> <!-- Create User Test -->
