<?xml version="1.0" encoding="UTF-8"?>
<!-- Generated by org.testng.reporters.JUnitXMLReporter -->
<testsuite ignored="0" hostname="LAPTOP-TM6K18J0" failures="0" tests="2" name="Product API Test" time="1.795" errors="0" timestamp="2024-11-06T18:59:29 IST">
  <testcase classname="com.qa.products.api.tests.ProductAPITest" name="getProductsAPILimitTest" time="0.842"/>
  <testcase classname="com.qa.products.api.tests.ProductAPITest" name="getProductsAPITest" time="0.786"/>
</testsuite> <!-- Product API Test -->
