<?xml version="1.0" encoding="UTF-8"?>
<!-- Generated by org.testng.reporters.JUnitXMLReporter -->
<testsuite ignored="0" hostname="LAPTOP-TM6K18J0" failures="0" tests="3" name="Update User Test" time="6.699" errors="0" timestamp="2024-11-06T18:59:14 IST">
  <testcase classname="com.qa.api.tests.UpdateUserTest" name="updateUserTestWithBuilder" time="3.515"/>
  <testcase classname="com.qa.api.tests.UpdateUserTest" name="updateUserTestWithBuilder" time="1.805"/>
  <testcase classname="com.qa.api.tests.UpdateUserTest" name="updateUserTestWithBuilder" time="1.292"/>
</testsuite> <!-- Update User Test -->
