<?xml version="1.0" encoding="UTF-8"?>
<testng-results ignored="1" total="3" passed="2" failed="0" skipped="0">
  <reporter-output>
  </reporter-output>
  <suite started-at="2024-11-10T15:20:29 IST" name="API Sanity Suite" finished-at="2024-11-10T15:20:32 IST" duration-ms="3875">
    <groups>
    </groups>
    <test started-at="2024-11-10T15:20:29 IST" name="GET User Test" finished-at="2024-11-10T15:20:32 IST" duration-ms="3304">
      <class name="com.qa.api.tests.GetUserTest">
        <test-method is-config="true" signature="setup()[pri:0, instance:com.qa.api.tests.GetUserTest@1522d8a0]" started-at="2024-11-10T15:20:29 IST" name="setup" finished-at="2024-11-10T15:20:30 IST" duration-ms="1336" status="PASS">
          <reporter-output>
          </reporter-output>
        </test-method> <!-- setup -->
        <test-method signature="getUsers()[pri:0, instance:com.qa.api.tests.GetUserTest@1522d8a0]" started-at="2024-11-10T15:20:30 IST" name="getUsers" finished-at="2024-11-10T15:20:32 IST" duration-ms="1773" status="PASS">
          <reporter-output>
          </reporter-output>
        </test-method> <!-- getUsers -->
        <test-method is-config="true" signature="stopMockServer()[pri:0, instance:com.qa.api.tests.GetUserTest@1522d8a0]" started-at="2024-11-10T15:20:32 IST" name="stopMockServer" finished-at="2024-11-10T15:20:32 IST" duration-ms="11" status="PASS">
          <reporter-output>
          </reporter-output>
        </test-method> <!-- stopMockServer -->
      </class> <!-- com.qa.api.tests.GetUserTest -->
    </test> <!-- GET User Test -->
    <test started-at="2024-11-10T15:20:32 IST" name="Req Res API Test" finished-at="2024-11-10T15:20:32 IST" duration-ms="318">
      <class name="com.qa.reqres.api.tests.ReqResTest">
        <test-method is-config="true" signature="setupReport()[pri:0, instance:com.qa.reqres.api.tests.ReqResTest@3f0846c6]" started-at="2024-11-10T15:20:28 IST" name="setupReport" finished-at="2024-11-10T15:20:29 IST" duration-ms="440" status="PASS">
          <reporter-output>
          </reporter-output>
        </test-method> <!-- setupReport -->
        <test-method is-config="true" signature="setup()[pri:0, instance:com.qa.reqres.api.tests.ReqResTest@3f0846c6]" started-at="2024-11-10T15:20:32 IST" name="setup" finished-at="2024-11-10T15:20:32 IST" duration-ms="34" status="PASS">
          <reporter-output>
          </reporter-output>
        </test-method> <!-- setup -->
        <test-method signature="getUserTest()[pri:0, instance:com.qa.reqres.api.tests.ReqResTest@3f0846c6]" started-at="2024-11-10T15:20:32 IST" name="getUserTest" finished-at="2024-11-10T15:20:32 IST" duration-ms="266" status="PASS">
          <reporter-output>
          </reporter-output>
        </test-method> <!-- getUserTest -->
        <test-method is-config="true" signature="stopMockServer()[pri:0, instance:com.qa.reqres.api.tests.ReqResTest@3f0846c6]" started-at="2024-11-10T15:20:32 IST" name="stopMockServer" finished-at="2024-11-10T15:20:32 IST" duration-ms="6" status="PASS">
          <reporter-output>
          </reporter-output>
        </test-method> <!-- stopMockServer -->
      </class> <!-- com.qa.reqres.api.tests.ReqResTest -->
    </test> <!-- Req Res API Test -->
  </suite> <!-- API Sanity Suite -->
</testng-results>
