<?xml version="1.0" encoding="UTF-8"?>
<testng-results ignored="0" total="3" passed="3" failed="0" skipped="0">
  <reporter-output>
  </reporter-output>
  <suite started-at="2024-11-05T21:32:53 IST" name="Default suite" finished-at="2024-11-05T21:33:01 IST" duration-ms="8606">
    <groups>
    </groups>
    <test started-at="2024-11-05T21:32:53 IST" name="Default test" finished-at="2024-11-05T21:33:01 IST" duration-ms="8606">
      <class name="com.qa.api.tests.UpdateUserTest">
        <test-method is-config="true" signature="setupReport()[pri:0, instance:com.qa.api.tests.UpdateUserTest@6e6f2380]" started-at="2024-11-05T21:32:52 IST" name="setupReport" finished-at="2024-11-05T21:32:53 IST" duration-ms="523" status="PASS">
          <reporter-output>
          </reporter-output>
        </test-method> <!-- setupReport -->
        <test-method is-config="true" signature="setup()[pri:0, instance:com.qa.api.tests.UpdateUserTest@6e6f2380]" started-at="2024-11-05T21:32:53 IST" name="setup" finished-at="2024-11-05T21:32:54 IST" duration-ms="1433" status="PASS">
          <reporter-output>
          </reporter-output>
        </test-method> <!-- setup -->
        <test-method signature="updateUserTestWithBuilder(java.lang.String, java.lang.String, java.lang.String, java.lang.String, java.lang.String)[pri:0, instance:com.qa.api.tests.UpdateUserTest@6e6f2380]" started-at="2024-11-05T21:32:54 IST" name="updateUserTestWithBuilder" data-provider="getUserData" finished-at="2024-11-05T21:32:58 IST" duration-ms="3859" status="PASS">
          <params>
            <param index="0">
              <value>
                <![CDATA[Naveen]]>
              </value>
            </param>
            <param index="1">
              <value>
                <![CDATA[male]]>
              </value>
            </param>
            <param index="2">
              <value>
                <![CDATA[active]]>
              </value>
            </param>
            <param index="3">
              <value>
                <![CDATA[inactive]]>
              </value>
            </param>
            <param index="4">
              <value>
                <![CDATA[NaveenAutomation]]>
              </value>
            </param>
          </params>
          <reporter-output>
          </reporter-output>
        </test-method> <!-- updateUserTestWithBuilder -->
        <test-method signature="updateUserTestWithBuilder(java.lang.String, java.lang.String, java.lang.String, java.lang.String, java.lang.String)[pri:0, instance:com.qa.api.tests.UpdateUserTest@6e6f2380]" started-at="2024-11-05T21:32:58 IST" name="updateUserTestWithBuilder" data-provider="getUserData" finished-at="2024-11-05T21:33:00 IST" duration-ms="1743" status="PASS">
          <params>
            <param index="0">
              <value>
                <![CDATA[Mukesh]]>
              </value>
            </param>
            <param index="1">
              <value>
                <![CDATA[male]]>
              </value>
            </param>
            <param index="2">
              <value>
                <![CDATA[active]]>
              </value>
            </param>
            <param index="3">
              <value>
                <![CDATA[inactive]]>
              </value>
            </param>
            <param index="4">
              <value>
                <![CDATA[MukeshAutomation]]>
              </value>
            </param>
          </params>
          <reporter-output>
          </reporter-output>
        </test-method> <!-- updateUserTestWithBuilder -->
        <test-method signature="updateUserTestWithBuilder(java.lang.String, java.lang.String, java.lang.String, java.lang.String, java.lang.String)[pri:0, instance:com.qa.api.tests.UpdateUserTest@6e6f2380]" started-at="2024-11-05T21:33:00 IST" name="updateUserTestWithBuilder" data-provider="getUserData" finished-at="2024-11-05T21:33:01 IST" duration-ms="1366" status="PASS">
          <params>
            <param index="0">
              <value>
                <![CDATA[Sanjay]]>
              </value>
            </param>
            <param index="1">
              <value>
                <![CDATA[male]]>
              </value>
            </param>
            <param index="2">
              <value>
                <![CDATA[Inactive]]>
              </value>
            </param>
            <param index="3">
              <value>
                <![CDATA[active]]>
              </value>
            </param>
            <param index="4">
              <value>
                <![CDATA[Sanjayautomation]]>
              </value>
            </param>
          </params>
          <reporter-output>
          </reporter-output>
        </test-method> <!-- updateUserTestWithBuilder -->
        <test-method is-config="true" signature="stopMockServer()[pri:0, instance:com.qa.api.tests.UpdateUserTest@6e6f2380]" started-at="2024-11-05T21:33:01 IST" name="stopMockServer" finished-at="2024-11-05T21:33:01 IST" duration-ms="16" status="PASS">
          <reporter-output>
          </reporter-output>
        </test-method> <!-- stopMockServer -->
      </class> <!-- com.qa.api.tests.UpdateUserTest -->
    </test> <!-- Default test -->
  </suite> <!-- Default suite -->
</testng-results>
