<?xml version="1.0" encoding="UTF-8"?>
<!-- Generated by org.testng.reporters.JUnitXMLReporter -->
<testsuite ignored="1" hostname="LAPTOP-TM6K18J0" failures="0" tests="2" name="Create User Test" time="2.368" errors="0" timestamp="2024-10-24T15:02:37 IST">
  <testcase classname="com.qa.api.tests.CreateUserTest" name="createUserTest" time="0.823"/>
  <testcase classname="com.qa.api.tests.CreateUserTest" name="createUserTestWithBuilder" time="1.508"/>
  <testcase classname="com.qa.api.tests.CreateUserTest" name="createUserTestWithFile" time="0.0">
    <ignored/>
  </testcase> <!-- createUserTestWithFile -->
</testsuite> <!-- Create User Test -->
