<?xml version="1.0" encoding="UTF-8"?>
<!-- Generated by org.testng.reporters.JUnitXMLReporter -->
<testsuite ignored="1" hostname="LAPTOP-TM6K18J0" failures="0" tests="6" name="Create User Test" time="3.5" errors="0" timestamp="2024-11-10T15:11:43 IST">
  <testcase classname="com.qa.api.tests.CreateUserTest" name="createUserTest" time="0.522"/>
  <testcase classname="com.qa.api.tests.CreateUserTest" name="createUserTest" time="0.353"/>
  <testcase classname="com.qa.api.tests.CreateUserTest" name="createUserTest" time="0.356"/>
  <testcase classname="com.qa.api.tests.CreateUserTest" name="createUserTestWithBuilder" time="0.795"/>
  <testcase classname="com.qa.api.tests.CreateUserTest" name="createUserTestWithBuilder" time="0.733"/>
  <testcase classname="com.qa.api.tests.CreateUserTest" name="createUserTestWithBuilder" time="0.615"/>
  <testcase classname="com.qa.api.tests.CreateUserTest" name="createUserTestWithFile" time="0.0">
    <ignored/>
  </testcase> <!-- createUserTestWithFile -->
</testsuite> <!-- Create User Test -->
