<?xml version="1.0" encoding="UTF-8"?>
<!-- Generated by org.testng.reporters.JUnitXMLReporter -->
<testsuite ignored="1" hostname="LAPTOP-TM6K18J0" failures="0" tests="1" name="GET User Test" time="4.757" errors="0" timestamp="2024-11-09T19:29:13 IST">
  <testcase classname="com.qa.api.tests.GetUserTest" name="getUsers" time="2.443"/>
  <testcase classname="com.qa.api.tests.GetUserTest" name="getSingleUser" time="0.0">
    <ignored/>
  </testcase> <!-- getSingleUser -->
</testsuite> <!-- GET User Test -->
