<?xml version="1.0" encoding="UTF-8"?>
<!-- Generated by org.testng.reporters.JUnitXMLReporter -->
<testsuite ignored="0" hostname="LAPTOP-TM6K18J0" failures="0" tests="2" name="Product API Test" time="1.542" errors="0" timestamp="2024-11-09T19:29:31 IST">
  <testcase classname="com.qa.products.api.tests.ProductAPITest" name="getProductsAPILimitTest" time="0.66"/>
  <testcase classname="com.qa.products.api.tests.ProductAPITest" name="getProductsAPITest" time="0.835"/>
</testsuite> <!-- Product API Test -->
