<?xml version="1.0" encoding="UTF-8"?>
<!-- Generated by org.testng.reporters.JUnitXMLReporter -->
<testsuite ignored="0" hostname="LAPTOP-TM6K18J0" failures="0" tests="3" name="Update User Test" time="5.731" errors="0" timestamp="2024-11-09T19:29:19 IST">
  <testcase classname="com.qa.api.tests.UpdateUserTest" name="updateUserTestWithBuilder" time="2.455"/>
  <testcase classname="com.qa.api.tests.UpdateUserTest" name="updateUserTestWithBuilder" time="1.683"/>
  <testcase classname="com.qa.api.tests.UpdateUserTest" name="updateUserTestWithBuilder" time="1.425"/>
</testsuite> <!-- Update User Test -->
